[0.026s][info][gc] Using The Z Garbage Collector
[1.178s][info][safepoint] Safepoint "Cleanup", Time since last: 1146262600 ns, Reaching safepoint: 164000 ns, At safepoint: 7200 ns, Total: 171200 ns
[1.344s][info][safepoint] Safepoint "ZMarkStart", Time since last: 163054700 ns, Reaching safepoint: 3022700 ns, At safepoint: 51700 ns, Total: 3074400 ns
[1.522s][info][safepoint] Safepoint "ZMarkEnd", Time since last: 177096200 ns, Reaching safepoint: 173100 ns, At safepoint: 35400 ns, Total: 208500 ns
[1.523s][info][safepoint] Safepoint "CleanClassLoaderDataMetaspaces", Time since last: 1357500 ns, Reaching safepoint: 116100 ns, At safepoint: 118000 ns, Total: 234100 ns
[1.557s][info][safepoint] Safepoint "ZRelocateStart", Time since last: 5107200 ns, Reaching safepoint: 28995100 ns, At safepoint: 97200 ns, Total: 29092300 ns
[1.558s][info][gc       ] GC(0) Garbage Collection (Warmup) 956M(12%)->1050M(13%)
[1.740s][info][safepoint] Safepoint "ZMarkStart", Time since last: 182882800 ns, Reaching safepoint: 160000 ns, At safepoint: 22100 ns, Total: 182100 ns
[1.857s][info][safepoint] Safepoint "ZMarkEnd", Time since last: 116075700 ns, Reaching safepoint: 190800 ns, At safepoint: 18100 ns, Total: 208900 ns
[1.860s][info][safepoint] Safepoint "ZRelocateStart", Time since last: 3379400 ns, Reaching safepoint: 120200 ns, At safepoint: 9800 ns, Total: 130000 ns
[1.862s][info][gc       ] GC(1) Garbage Collection (Warmup) 1810M(22%)->518M(6%)
[2.441s][info][safepoint] Safepoint "ZMarkStart", Time since last: 580665100 ns, Reaching safepoint: 216700 ns, At safepoint: 15900 ns, Total: 232600 ns
[2.671s][info][safepoint] Safepoint "ZMarkEnd", Time since last: 229595200 ns, Reaching safepoint: 188400 ns, At safepoint: 53700 ns, Total: 242100 ns
[2.674s][info][safepoint] Safepoint "ZRelocateStart", Time since last: 2861200 ns, Reaching safepoint: 108300 ns, At safepoint: 10600 ns, Total: 118900 ns
[2.675s][info][gc       ] GC(2) Garbage Collection (Warmup) 2736M(34%)->1104M(14%)
[3.675s][info][safepoint] Safepoint "Cleanup", Time since last: 1000222700 ns, Reaching safepoint: 344200 ns, At safepoint: 97400 ns, Total: 441600 ns
[3.866s][info][safepoint] Safepoint "ZMarkStart", Time since last: 165890600 ns, Reaching safepoint: 25055400 ns, At safepoint: 47900 ns, Total: 25103300 ns
[4.216s][info][safepoint] Safepoint "ZMarkEnd", Time since last: 350143200 ns, Reaching safepoint: 196100 ns, At safepoint: 56900 ns, Total: 253000 ns
[4.228s][info][safepoint] Safepoint "ZRelocateStart", Time since last: 11726600 ns, Reaching safepoint: 201800 ns, At safepoint: 50600 ns, Total: 252400 ns
[4.230s][info][gc       ] GC(3) Garbage Collection (Allocation Rate) 5520M(68%)->1944M(24%)
[4.841s][info][safepoint] Safepoint "ZMarkStart", Time since last: 613397200 ns, Reaching safepoint: 148000 ns, At safepoint: 17500 ns, Total: 165500 ns
[5.053s][info][safepoint] Safepoint "ZMarkEnd", Time since last: 211450900 ns, Reaching safepoint: 162200 ns, At safepoint: 67100 ns, Total: 229300 ns
[5.056s][info][safepoint] Safepoint "ZRelocateStart", Time since last: 2946900 ns, Reaching safepoint: 115000 ns, At safepoint: 24700 ns, Total: 139700 ns
[5.057s][info][gc       ] GC(4) Garbage Collection (Allocation Rate) 4908M(60%)->1150M(14%)
[5.742s][info][safepoint] Safepoint "ZMarkStart", Time since last: 685302200 ns, Reaching safepoint: 241000 ns, At safepoint: 64200 ns, Total: 305200 ns
[5.807s][info][safepoint] Safepoint "ZMarkEnd", Time since last: 64645100 ns, Reaching safepoint: 194600 ns, At safepoint: 21100 ns, Total: 215700 ns
[5.811s][info][safepoint] Safepoint "ZRelocateStart", Time since last: 4396500 ns, Reaching safepoint: 218300 ns, At safepoint: 27200 ns, Total: 245500 ns
[5.815s][info][gc       ] GC(5) Garbage Collection (Allocation Rate) 4394M(54%)->276M(3%)
[6.154s][info][safepoint] Safepoint "ZMarkStart", Time since last: 329190500 ns, Reaching safepoint: 13009400 ns, At safepoint: 35600 ns, Total: 13045000 ns
[6.470s][info][safepoint] Safepoint "ZMarkEnd", Time since last: 316475400 ns, Reaching safepoint: 233200 ns, At safepoint: 74000 ns, Total: 307200 ns
[6.474s][info][safepoint] Safepoint "ZRelocateStart", Time since last: 3053100 ns, Reaching safepoint: 180600 ns, At safepoint: 14400 ns, Total: 195000 ns
[6.474s][info][gc       ] GC(6) Garbage Collection (Allocation Rate) 2400M(30%)->1380M(17%)
[6.665s][info][safepoint] Safepoint "ZMarkStart", Time since last: 167340100 ns, Reaching safepoint: 24454900 ns, At safepoint: 22100 ns, Total: 24477000 ns
[7.122s][info][safepoint] Safepoint "ZMarkEnd", Time since last: 455857600 ns, Reaching safepoint: 152500 ns, At safepoint: 67200 ns, Total: 219700 ns
[7.125s][info][safepoint] Safepoint "ZRelocateStart", Time since last: 2835300 ns, Reaching safepoint: 120300 ns, At safepoint: 9900 ns, Total: 130200 ns
[7.125s][info][gc       ] GC(7) Garbage Collection (Allocation Rate) 2556M(31%)->2396M(30%)
[7.266s][info][safepoint] Safepoint "ZMarkStart", Time since last: 15875000 ns, Reaching safepoint: 125526000 ns, At safepoint: 25000 ns, Total: 125551000 ns
[7.608s][info][safepoint] Safepoint "ZMarkEnd", Time since last: 341931100 ns, Reaching safepoint: 205100 ns, At safepoint: 19700 ns, Total: 224800 ns
[7.611s][info][safepoint] Safepoint "ZRelocateStart", Time since last: 2675800 ns, Reaching safepoint: 200600 ns, At safepoint: 16600 ns, Total: 217200 ns
[7.612s][info][gc       ] GC(8) Garbage Collection (Allocation Rate) 2396M(30%)->2440M(30%)
[7.741s][info][safepoint] Safepoint "ZMarkStart", Time since last: 129507600 ns, Reaching safepoint: 186600 ns, At safepoint: 33700 ns, Total: 220300 ns
[7.921s][info][safepoint] Safepoint "ZMarkEnd", Time since last: 180484700 ns, Reaching safepoint: 137200 ns, At safepoint: 25100 ns, Total: 162300 ns
[7.925s][info][safepoint] Safepoint "ZRelocateStart", Time since last: 3184400 ns, Reaching safepoint: 132200 ns, At safepoint: 12200 ns, Total: 144400 ns
[7.926s][info][gc       ] GC(9) Garbage Collection (Allocation Rate) 3262M(40%)->1152M(14%)
[8.348s][info][safepoint] Safepoint "ZMarkStart", Time since last: 416683000 ns, Reaching safepoint: 6878900 ns, At safepoint: 73000 ns, Total: 6951900 ns
[8.479s][info][safepoint] Safepoint "ZMarkEnd", Time since last: 130370500 ns, Reaching safepoint: 123200 ns, At safepoint: 19000 ns, Total: 142200 ns
[8.482s][info][safepoint] Safepoint "ZRelocateStart", Time since last: 3019300 ns, Reaching safepoint: 167300 ns, At safepoint: 10500 ns, Total: 177800 ns
[8.483s][info][gc       ] GC(10) Garbage Collection (Allocation Rate) 3394M(42%)->824M(10%)
[8.950s][info][safepoint] Safepoint "ZMarkStart", Time since last: 459119700 ns, Reaching safepoint: 8977200 ns, At safepoint: 69700 ns, Total: 9046900 ns
[9.147s][info][safepoint] Safepoint "ZMarkEnd", Time since last: 196433400 ns, Reaching safepoint: 146700 ns, At safepoint: 75100 ns, Total: 221800 ns
[9.150s][info][safepoint] Safepoint "ZRelocateStart", Time since last: 3035900 ns, Reaching safepoint: 219200 ns, At safepoint: 26800 ns, Total: 246000 ns
[9.153s][info][gc       ] GC(11) Garbage Collection (Allocation Rate) 3392M(42%)->1148M(14%)
[9.746s][info][safepoint] Safepoint "ZMarkStart", Time since last: 590841200 ns, Reaching safepoint: 4982500 ns, At safepoint: 17000 ns, Total: 4999500 ns
[9.822s][info][safepoint] Safepoint "ZMarkEnd", Time since last: 75853300 ns, Reaching safepoint: 146800 ns, At safepoint: 26600 ns, Total: 173400 ns
[9.825s][info][safepoint] Safepoint "ZRelocateStart", Time since last: 2616500 ns, Reaching safepoint: 164300 ns, At safepoint: 14200 ns, Total: 178500 ns
[9.826s][info][gc       ] GC(12) Garbage Collection (Allocation Rate) 4540M(56%)->350M(4%)
[10.341s][info][safepoint] Safepoint "ZMarkStart", Time since last: 516322300 ns, Reaching safepoint: 199600 ns, At safepoint: 62300 ns, Total: 261900 ns
[10.651s][info][safepoint] Safepoint "ZMarkEnd", Time since last: 309730400 ns, Reaching safepoint: 141500 ns, At safepoint: 27700 ns, Total: 169200 ns
[10.656s][info][safepoint] Safepoint "ZRelocateStart", Time since last: 3997500 ns, Reaching safepoint: 220400 ns, At safepoint: 25800 ns, Total: 246200 ns
[10.658s][info][gc       ] GC(13) Garbage Collection (Allocation Rate) 3656M(45%)->1528M(19%)
[10.947s][info][safepoint] Safepoint "ZMarkStart", Time since last: 286620600 ns, Reaching safepoint: 5056300 ns, At safepoint: 75500 ns, Total: 5131800 ns
[11.150s][info][safepoint] Safepoint "ZMarkEnd", Time since last: 202988600 ns, Reaching safepoint: 205500 ns, At safepoint: 21500 ns, Total: 227000 ns
[11.154s][info][safepoint] Safepoint "ZRelocateStart", Time since last: 3572300 ns, Reaching safepoint: 193200 ns, At safepoint: 18000 ns, Total: 211200 ns
[11.155s][info][gc       ] GC(14) Garbage Collection (Allocation Rate) 3394M(42%)->1210M(15%)
[11.548s][info][safepoint] Safepoint "ZMarkStart", Time since last: 387148300 ns, Reaching safepoint: 6892500 ns, At safepoint: 18100 ns, Total: 6910600 ns
[12.036s][info][safepoint] Safepoint "ZMarkEnd", Time since last: 487783000 ns, Reaching safepoint: 293100 ns, At safepoint: 65300 ns, Total: 358400 ns
[12.042s][info][safepoint] Safepoint "ZRelocateStart", Time since last: 5323700 ns, Reaching safepoint: 195000 ns, At safepoint: 40900 ns, Total: 235900 ns
[12.042s][info][gc       ] GC(15) Garbage Collection (Allocation Rate) 4142M(51%)->2436M(30%)
[12.154s][info][safepoint] Safepoint "ZMarkStart", Time since last: 99012100 ns, Reaching safepoint: 13134600 ns, At safepoint: 19200 ns, Total: 13153800 ns
[12.363s][info][safepoint] Safepoint "ZMarkEnd", Time since last: 209033600 ns, Reaching safepoint: 100100 ns, At safepoint: 17800 ns, Total: 117900 ns
[12.367s][info][safepoint] Safepoint "ZRelocateStart", Time since last: 3348100 ns, Reaching safepoint: 198400 ns, At safepoint: 16400 ns, Total: 214800 ns
[12.368s][info][gc       ] GC(16) Garbage Collection (Allocation Rate) 3128M(39%)->1150M(14%)
[12.941s][info][safepoint] Safepoint "ZMarkStart", Time since last: 574189800 ns, Reaching safepoint: 232200 ns, At safepoint: 18700 ns, Total: 250900 ns
[12.983s][info][safepoint] Safepoint "ZMarkEnd", Time since last: 41573900 ns, Reaching safepoint: 218300 ns, At safepoint: 61600 ns, Total: 279900 ns
[12.987s][info][safepoint] Safepoint "ZRelocateStart", Time since last: 2973100 ns, Reaching safepoint: 949900 ns, At safepoint: 17400 ns, Total: 967300 ns
[12.988s][info][gc       ] GC(17) Garbage Collection (Allocation Rate) 4392M(54%)->238M(3%)
[13.373s][info][safepoint] Safepoint "ZMarkStart", Time since last: 354728700 ns, Reaching safepoint: 31022300 ns, At safepoint: 25700 ns, Total: 31048000 ns
[13.754s][info][safepoint] Safepoint "ZMarkEnd", Time since last: 380988200 ns, Reaching safepoint: 160000 ns, At safepoint: 69000 ns, Total: 229000 ns
[13.757s][info][safepoint] Safepoint "ZRelocateStart", Time since last: 2235700 ns, Reaching safepoint: 140300 ns, At safepoint: 15300 ns, Total: 155600 ns
[13.757s][info][gc       ] GC(18) Garbage Collection (Allocation Rate) 2838M(35%)->2398M(30%)
[13.880s][info][safepoint] Safepoint "ZMarkStart", Time since last: 84349200 ns, Reaching safepoint: 39113100 ns, At safepoint: 75600 ns, Total: 39188700 ns
[14.198s][info][safepoint] Safepoint "ZMarkEnd", Time since last: 317465200 ns, Reaching safepoint: 188500 ns, At safepoint: 22000 ns, Total: 210500 ns
[14.201s][info][safepoint] Safepoint "ZRelocateStart", Time since last: 2962000 ns, Reaching safepoint: 179700 ns, At safepoint: 22800 ns, Total: 202500 ns
[14.202s][info][gc       ] GC(19) Garbage Collection (Allocation Rate) 2398M(30%)->2478M(31%)
[14.249s][info][safepoint] Safepoint "ZMarkStart", Time since last: 40670100 ns, Reaching safepoint: 6920100 ns, At safepoint: 23800 ns, Total: 6943900 ns
[14.311s][info][safepoint] Safepoint "ZMarkEnd", Time since last: 62251200 ns, Reaching safepoint: 207800 ns, At safepoint: 22300 ns, Total: 230100 ns
[14.314s][info][safepoint] Safepoint "ZRelocateStart", Time since last: 2324600 ns, Reaching safepoint: 250400 ns, At safepoint: 101100 ns, Total: 351500 ns
[14.314s][info][gc       ] GC(20) Garbage Collection (Allocation Rate) 2794M(34%)->380M(5%)
[14.744s][info][safepoint] Safepoint "ZMarkStart", Time since last: 427569400 ns, Reaching safepoint: 2988000 ns, At safepoint: 94000 ns, Total: 3082000 ns
[14.862s][info][safepoint] Safepoint "ZMarkEnd", Time since last: 117212300 ns, Reaching safepoint: 254900 ns, At safepoint: 119300 ns, Total: 374200 ns
[14.867s][info][safepoint] Safepoint "ZRelocateStart", Time since last: 4942800 ns, Reaching safepoint: 193400 ns, At safepoint: 17700 ns, Total: 211100 ns
[14.869s][info][gc       ] GC(21) Garbage Collection (Allocation Rate) 3316M(41%)->770M(9%)
[15.472s][info][safepoint] Safepoint "ZMarkStart", Time since last: 574210100 ns, Reaching safepoint: 30992000 ns, At safepoint: 83800 ns, Total: 31075800 ns
[15.826s][info][safepoint] Safepoint "ZMarkEnd", Time since last: 353310600 ns, Reaching safepoint: 146700 ns, At safepoint: 27500 ns, Total: 174200 ns
[15.829s][info][safepoint] Safepoint "ZRelocateStart", Time since last: 2534500 ns, Reaching safepoint: 175900 ns, At safepoint: 10700 ns, Total: 186600 ns
[15.829s][info][gc       ] GC(22) Garbage Collection (Allocation Rate) 4216M(52%)->2418M(30%)
[15.841s][info][safepoint] Safepoint "ZMarkStart", Time since last: 12181000 ns, Reaching safepoint: 189800 ns, At safepoint: 19600 ns, Total: 209400 ns
[16.428s][info][safepoint] Safepoint "ZMarkEnd", Time since last: 587225100 ns, Reaching safepoint: 156000 ns, At safepoint: 75300 ns, Total: 231300 ns
[16.432s][info][safepoint] Safepoint "ZRelocateStart", Time since last: 3818400 ns, Reaching safepoint: 160800 ns, At safepoint: 10800 ns, Total: 171600 ns
[16.433s][info][gc       ] GC(23) Garbage Collection (Allocation Rate) 2524M(31%)->3918M(48%)
[16.440s][info][safepoint] Safepoint "ZMarkStart", Time since last: 7767800 ns, Reaching safepoint: 129500 ns, At safepoint: 14600 ns, Total: 144100 ns
[16.784s][info][safepoint] Safepoint "ZMarkEnd", Time since last: 343993200 ns, Reaching safepoint: 128100 ns, At safepoint: 22800 ns, Total: 150900 ns
[16.787s][info][safepoint] Safepoint "ZRelocateStart", Time since last: 2266700 ns, Reaching safepoint: 142800 ns, At safepoint: 11400 ns, Total: 154200 ns
[16.787s][info][gc       ] GC(24) Garbage Collection (Allocation Rate) 3980M(49%)->2442M(30%)
[17.045s][info][safepoint] Safepoint "ZMarkStart", Time since last: 254332500 ns, Reaching safepoint: 3067700 ns, At safepoint: 429400 ns, Total: 3497100 ns
[17.089s][info][safepoint] Safepoint "ZMarkEnd", Time since last: 44432200 ns, Reaching safepoint: 99600 ns, At safepoint: 25400 ns, Total: 125000 ns
[17.094s][info][safepoint] Safepoint "ZRelocateStart", Time since last: 4246700 ns, Reaching safepoint: 123200 ns, At safepoint: 11900 ns, Total: 135100 ns
[17.095s][info][gc       ] GC(25) Garbage Collection (Allocation Rate) 4184M(52%)->350M(4%)
[17.542s][info][safepoint] Safepoint "ZMarkStart", Time since last: 447729800 ns, Reaching safepoint: 219000 ns, At safepoint: 18900 ns, Total: 237900 ns
[17.596s][info][safepoint] Safepoint "ZMarkEnd", Time since last: 54346700 ns, Reaching safepoint: 83500 ns, At safepoint: 24000 ns, Total: 107500 ns
[17.609s][info][safepoint] Safepoint "ZRelocateStart", Time since last: 3315000 ns, Reaching safepoint: 9605100 ns, At safepoint: 26400 ns, Total: 9631500 ns
[17.610s][info][gc       ] GC(26) Garbage Collection (Allocation Rate) 3156M(39%)->356M(4%)
[17.972s][info][safepoint] Safepoint "ZMarkStart", Time since last: 331852800 ns, Reaching safepoint: 31157900 ns, At safepoint: 110000 ns, Total: 31267900 ns
[18.267s][info][safepoint] Safepoint "ZMarkEnd", Time since last: 294847000 ns, Reaching safepoint: 153900 ns, At safepoint: 97200 ns, Total: 251100 ns
[18.270s][info][safepoint] Safepoint "ZRelocateStart", Time since last: 2613400 ns, Reaching safepoint: 147600 ns, At safepoint: 52800 ns, Total: 200400 ns
[18.270s][info][gc       ] GC(27) Garbage Collection (Allocation Rate) 2816M(35%)->2498M(31%)
[18.352s][info][safepoint] Safepoint "ZMarkStart", Time since last: 70962200 ns, Reaching safepoint: 10966300 ns, At safepoint: 80600 ns, Total: 11046900 ns
[18.450s][info][safepoint] Safepoint "ZMarkEnd", Time since last: 98090400 ns, Reaching safepoint: 114800 ns, At safepoint: 65700 ns, Total: 180500 ns
[18.453s][info][safepoint] Safepoint "ZRelocateStart", Time since last: 2871200 ns, Reaching safepoint: 93700 ns, At safepoint: 71700 ns, Total: 165400 ns
[18.454s][info][gc       ] GC(28) Garbage Collection (Allocation Rate) 3128M(39%)->826M(10%)
[19.054s][info][safepoint] Safepoint "ZMarkStart", Time since last: 587316000 ns, Reaching safepoint: 13081400 ns, At safepoint: 24500 ns, Total: 13105900 ns
[19.161s][info][safepoint] Safepoint "ZMarkEnd", Time since last: 106885000 ns, Reaching safepoint: 162900 ns, At safepoint: 70100 ns, Total: 233000 ns
[19.164s][info][safepoint] Safepoint "ZRelocateStart", Time since last: 3056700 ns, Reaching safepoint: 94800 ns, At safepoint: 9900 ns, Total: 104700 ns
[19.165s][info][gc       ] GC(29) Garbage Collection (Allocation Rate) 4874M(60%)->792M(10%)
[19.742s][info][safepoint] Safepoint "ZMarkStart", Time since last: 577792800 ns, Reaching safepoint: 172700 ns, At safepoint: 87100 ns, Total: 259800 ns
[19.765s][info][safepoint] Safepoint "ZMarkEnd", Time since last: 22571500 ns, Reaching safepoint: 151300 ns, At safepoint: 168800 ns, Total: 320100 ns
[19.768s][info][safepoint] Safepoint "ZRelocateStart", Time since last: 2854300 ns, Reaching safepoint: 45500 ns, At safepoint: 9900 ns, Total: 55400 ns
[19.768s][info][gc       ] GC(30) Garbage Collection (Allocation Rate) 4310M(53%)->178M(2%)
[20.341s][info][safepoint] Safepoint "ZMarkStart", Time since last: 573227500 ns, Reaching safepoint: 70900 ns, At safepoint: 14000 ns, Total: 84900 ns
[20.731s][info][safepoint] Safepoint "ZMarkEnd", Time since last: 389839500 ns, Reaching safepoint: 59200 ns, At safepoint: 18300 ns, Total: 77500 ns
[20.734s][info][safepoint] Safepoint "ZRelocateStart", Time since last: 2744900 ns, Reaching safepoint: 32900 ns, At safepoint: 13700 ns, Total: 46600 ns
[20.734s][info][gc       ] GC(31) Garbage Collection (Allocation Rate) 4010M(49%)->2144M(26%)
[20.741s][info][safepoint] Safepoint "ZMarkStart", Time since last: 6967900 ns, Reaching safepoint: 40300 ns, At safepoint: 14700 ns, Total: 55000 ns
[21.060s][info][safepoint] Safepoint "ZMarkEnd", Time since last: 318309300 ns, Reaching safepoint: 179700 ns, At safepoint: 145200 ns, Total: 324900 ns
[21.063s][info][safepoint] Safepoint "ZRelocateStart", Time since last: 3429400 ns, Reaching safepoint: 140300 ns, At safepoint: 104400 ns, Total: 244700 ns
[21.064s][info][gc       ] GC(32) Garbage Collection (Allocation Rate) 2196M(27%)->1606M(20%)
[21.142s][info][safepoint] Safepoint "ZMarkStart", Time since last: 78208300 ns, Reaching safepoint: 214900 ns, At safepoint: 71200 ns, Total: 286100 ns
[21.340s][info][safepoint] Safepoint "ZMarkEnd", Time since last: 198049600 ns, Reaching safepoint: 142800 ns, At safepoint: 30200 ns, Total: 173000 ns
[21.344s][info][safepoint] Safepoint "ZRelocateStart", Time since last: 3575000 ns, Reaching safepoint: 173100 ns, At safepoint: 40300 ns, Total: 213400 ns
[21.344s][info][gc       ] GC(33) Garbage Collection (Allocation Rate) 2108M(26%)->1200M(15%)
[21.741s][info][safepoint] Safepoint "ZMarkStart", Time since last: 397021200 ns, Reaching safepoint: 139100 ns, At safepoint: 62700 ns, Total: 201800 ns
[21.783s][info][safepoint] Safepoint "ZMarkEnd", Time since last: 41834600 ns, Reaching safepoint: 225300 ns, At safepoint: 49900 ns, Total: 275200 ns
[21.788s][info][safepoint] Safepoint "ZRelocateStart", Time since last: 4866400 ns, Reaching safepoint: 159200 ns, At safepoint: 51300 ns, Total: 210500 ns
[21.790s][info][gc       ] GC(34) Garbage Collection (Allocation Rate) 4416M(54%)->372M(5%)
[22.141s][info][safepoint] Safepoint "ZMarkStart", Time since last: 352732400 ns, Reaching safepoint: 156000 ns, At safepoint: 60200 ns, Total: 216200 ns
[22.433s][info][safepoint] Safepoint "ZMarkEnd", Time since last: 291404500 ns, Reaching safepoint: 131700 ns, At safepoint: 69700 ns, Total: 201400 ns
[22.436s][info][safepoint] Safepoint "ZRelocateStart", Time since last: 3331700 ns, Reaching safepoint: 144100 ns, At safepoint: 50300 ns, Total: 194400 ns
[22.437s][info][gc       ] GC(35) Garbage Collection (Allocation Rate) 2920M(36%)->2926M(36%)
[22.474s][info][safepoint] Safepoint "ZMarkStart", Time since last: 5325700 ns, Reaching safepoint: 32062200 ns, At safepoint: 69500 ns, Total: 32131700 ns
[22.546s][info][safepoint] Safepoint "ZMarkEnd", Time since last: 71959900 ns, Reaching safepoint: 161000 ns, At safepoint: 26500 ns, Total: 187500 ns
[22.549s][info][safepoint] Safepoint "ZRelocateStart", Time since last: 3051700 ns, Reaching safepoint: 120500 ns, At safepoint: 11500 ns, Total: 132000 ns
[22.550s][info][gc       ] GC(36) Garbage Collection (Allocation Rate) 2926M(36%)->566M(7%)
[22.941s][info][safepoint] Safepoint "ZMarkStart", Time since last: 391903400 ns, Reaching safepoint: 162600 ns, At safepoint: 14100 ns, Total: 176700 ns
[23.029s][info][safepoint] Safepoint "ZMarkEnd", Time since last: 87779200 ns, Reaching safepoint: 147800 ns, At safepoint: 22300 ns, Total: 170100 ns
[23.033s][info][safepoint] Safepoint "ZRelocateStart", Time since last: 3501200 ns, Reaching safepoint: 141200 ns, At safepoint: 97300 ns, Total: 238500 ns
[23.034s][info][gc       ] GC(37) Garbage Collection (Allocation Rate) 3280M(40%)->774M(10%)
[23.542s][info][safepoint] Safepoint "ZMarkStart", Time since last: 509256200 ns, Reaching safepoint: 162400 ns, At safepoint: 53300 ns, Total: 215700 ns
[23.916s][info][safepoint] Safepoint "ZMarkEnd", Time since last: 373782400 ns, Reaching safepoint: 244400 ns, At safepoint: 93400 ns, Total: 337800 ns
[23.920s][info][safepoint] Safepoint "ZRelocateStart", Time since last: 3319200 ns, Reaching safepoint: 146500 ns, At safepoint: 56900 ns, Total: 203400 ns
[23.920s][info][gc       ] GC(38) Garbage Collection (Allocation Rate) 4252M(52%)->3260M(40%)
[24.030s][info][safepoint] Safepoint "ZMarkStart", Time since last: 21124000 ns, Reaching safepoint: 89020100 ns, At safepoint: 96900 ns, Total: 89117000 ns
[24.289s][info][safepoint] Safepoint "ZMarkEnd", Time since last: 258863900 ns, Reaching safepoint: 166100 ns, At safepoint: 15200 ns, Total: 181300 ns
[24.293s][info][safepoint] Safepoint "ZRelocateStart", Time since last: 3259100 ns, Reaching safepoint: 117700 ns, At safepoint: 14300 ns, Total: 132000 ns
[24.293s][info][gc       ] GC(39) Garbage Collection (Allocation Rate) 3428M(42%)->1852M(23%)
[24.371s][info][safepoint] Safepoint "ZMarkStart", Time since last: 49404000 ns, Reaching safepoint: 28984500 ns, At safepoint: 87400 ns, Total: 29071900 ns
[24.554s][info][safepoint] Safepoint "ZMarkEnd", Time since last: 183005400 ns, Reaching safepoint: 215700 ns, At safepoint: 19600 ns, Total: 235300 ns
[24.564s][info][safepoint] Safepoint "ZRelocateStart", Time since last: 9646200 ns, Reaching safepoint: 219200 ns, At safepoint: 13900 ns, Total: 233100 ns
[24.565s][info][gc       ] GC(40) Garbage Collection (Allocation Rate) 2106M(26%)->1502M(18%)
[24.851s][info][safepoint] Safepoint "ZMarkStart", Time since last: 277795800 ns, Reaching safepoint: 9012500 ns, At safepoint: 84300 ns, Total: 9096800 ns
[25.032s][info][safepoint] Safepoint "ZMarkEnd", Time since last: 181165200 ns, Reaching safepoint: 149000 ns, At safepoint: 25200 ns, Total: 174200 ns
[25.040s][info][safepoint] Safepoint "ZRelocateStart", Time since last: 3092000 ns, Reaching safepoint: 4778000 ns, At safepoint: 66800 ns, Total: 4844800 ns
[25.041s][info][gc       ] GC(41) Garbage Collection (Allocation Rate) 3588M(44%)->1388M(17%)
[25.448s][info][safepoint] Safepoint "ZMarkStart", Time since last: 400553100 ns, Reaching safepoint: 7011900 ns, At safepoint: 99000 ns, Total: 7110900 ns
[25.527s][info][safepoint] Safepoint "ZMarkEnd", Time since last: 78932400 ns, Reaching safepoint: 137800 ns, At safepoint: 65700 ns, Total: 203500 ns
[25.532s][info][safepoint] Safepoint "ZRelocateStart", Time since last: 4189100 ns, Reaching safepoint: 137300 ns, At safepoint: 56800 ns, Total: 194100 ns
[25.533s][info][gc       ] GC(42) Garbage Collection (Allocation Rate) 4572M(56%)->770M(9%)
[25.943s][info][safepoint] Safepoint "ZMarkStart", Time since last: 410461500 ns, Reaching safepoint: 642900 ns, At safepoint: 12300 ns, Total: 655200 ns
[26.128s][info][safepoint] Safepoint "ZMarkEnd", Time since last: 184637700 ns, Reaching safepoint: 203800 ns, At safepoint: 71000 ns, Total: 274800 ns
[26.131s][info][safepoint] Safepoint "ZRelocateStart", Time since last: 3548400 ns, Reaching safepoint: 161900 ns, At safepoint: 13900 ns, Total: 175800 ns
[26.132s][info][gc       ] GC(43) Garbage Collection (Allocation Rate) 3464M(43%)->1360M(17%)
[26.640s][info][safepoint] Safepoint "ZMarkStart", Time since last: 508896300 ns, Reaching safepoint: 161800 ns, At safepoint: 65000 ns, Total: 226800 ns
[26.897s][info][safepoint] Safepoint "ZMarkEnd", Time since last: 255790200 ns, Reaching safepoint: 218000 ns, At safepoint: 54900 ns, Total: 272900 ns
[26.900s][info][safepoint] Safepoint "ZRelocateStart", Time since last: 3380400 ns, Reaching safepoint: 144600 ns, At safepoint: 79400 ns, Total: 224000 ns
[26.901s][info][gc       ] GC(44) Garbage Collection (Allocation Rate) 5370M(66%)->1606M(20%)
[27.246s][info][safepoint] Safepoint "ZMarkStart", Time since last: 340378900 ns, Reaching safepoint: 4952600 ns, At safepoint: 106000 ns, Total: 5058600 ns
[27.506s][info][safepoint] Safepoint "ZMarkEnd", Time since last: 260226300 ns, Reaching safepoint: 186100 ns, At safepoint: 64200 ns, Total: 250300 ns
[27.511s][info][safepoint] Safepoint "ZRelocateStart", Time since last: 4597200 ns, Reaching safepoint: 162600 ns, At safepoint: 58000 ns, Total: 220600 ns
[27.511s][info][gc       ] GC(45) Garbage Collection (Allocation Rate) 4040M(50%)->2584M(32%)
[27.868s][info][safepoint] Safepoint "ZMarkStart", Time since last: 330014200 ns, Reaching safepoint: 26951900 ns, At safepoint: 94500 ns, Total: 27046400 ns
[28.065s][info][safepoint] Safepoint "ZMarkEnd", Time since last: 197019300 ns, Reaching safepoint: 200400 ns, At safepoint: 56400 ns, Total: 256800 ns
[28.068s][info][safepoint] Safepoint "ZRelocateStart", Time since last: 3150000 ns, Reaching safepoint: 134800 ns, At safepoint: 11800 ns, Total: 146600 ns
[28.069s][info][gc       ] GC(46) Garbage Collection (Allocation Rate) 5360M(66%)->2078M(26%)
[28.342s][info][safepoint] Safepoint "ZMarkStart", Time since last: 273352500 ns, Reaching safepoint: 149700 ns, At safepoint: 19300 ns, Total: 169000 ns
[28.594s][info][safepoint] Safepoint "ZMarkEnd", Time since last: 251919600 ns, Reaching safepoint: 181800 ns, At safepoint: 55900 ns, Total: 237700 ns
[28.612s][info][safepoint] Safepoint "ZRelocateStart", Time since last: 3889700 ns, Reaching safepoint: 13748700 ns, At safepoint: 105100 ns, Total: 13853800 ns
[28.613s][info][gc       ] GC(47) Garbage Collection (Allocation Rate) 3590M(44%)->1814M(22%)
[29.041s][info][safepoint] Safepoint "ZMarkStart", Time since last: 429169400 ns, Reaching safepoint: 168200 ns, At safepoint: 20900 ns, Total: 189100 ns
[29.223s][info][safepoint] Safepoint "ZMarkEnd", Time since last: 181769900 ns, Reaching safepoint: 140000 ns, At safepoint: 84000 ns, Total: 224000 ns
[29.227s][info][safepoint] Safepoint "ZRelocateStart", Time since last: 3337600 ns, Reaching safepoint: 126100 ns, At safepoint: 16900 ns, Total: 143000 ns
[29.227s][info][gc       ] GC(48) Garbage Collection (Allocation Rate) 5072M(62%)->1202M(15%)
[29.644s][info][safepoint] Safepoint "ZMarkStart", Time since last: 414416700 ns, Reaching safepoint: 2994900 ns, At safepoint: 76200 ns, Total: 3071100 ns
[29.715s][info][safepoint] Safepoint "ZMarkEnd", Time since last: 56883200 ns, Reaching safepoint: 13941000 ns, At safepoint: 80300 ns, Total: 14021300 ns
[29.719s][info][safepoint] Safepoint "ZRelocateStart", Time since last: 3994100 ns, Reaching safepoint: 137300 ns, At safepoint: 8900 ns, Total: 146200 ns
[29.720s][info][gc       ] GC(49) Garbage Collection (Allocation Rate) 4542M(56%)->556M(7%)
[30.241s][info][safepoint] Safepoint "ZMarkStart", Time since last: 521764700 ns, Reaching safepoint: 142300 ns, At safepoint: 18900 ns, Total: 161200 ns
[30.527s][info][safepoint] Safepoint "ZMarkEnd", Time since last: 285250200 ns, Reaching safepoint: 173500 ns, At safepoint: 59000 ns, Total: 232500 ns
[30.530s][info][safepoint] Safepoint "ZRelocateStart", Time since last: 2955700 ns, Reaching safepoint: 143300 ns, At safepoint: 62600 ns, Total: 205900 ns
[30.531s][info][gc       ] GC(50) Garbage Collection (Allocation Rate) 4354M(54%)->2846M(35%)
[30.569s][info][safepoint] Safepoint "ZMarkStart", Time since last: 23701100 ns, Reaching safepoint: 15841300 ns, At safepoint: 99700 ns, Total: 15941000 ns
[30.660s][info][safepoint] Safepoint "ZMarkEnd", Time since last: 90218200 ns, Reaching safepoint: 175000 ns, At safepoint: 67900 ns, Total: 242900 ns
[30.695s][info][safepoint] Safepoint "ZRelocateStart", Time since last: 3403500 ns, Reaching safepoint: 31985000 ns, At safepoint: 72800 ns, Total: 32057800 ns
[30.696s][info][gc       ] GC(51) Garbage Collection (Allocation Rate) 2926M(36%)->780M(10%)
[31.062s][info][safepoint] Safepoint "ZMarkStart", Time since last: 345994800 ns, Reaching safepoint: 20972900 ns, At safepoint: 61500 ns, Total: 21034400 ns
[31.140s][info][safepoint] Safepoint "ZMarkEnd", Time since last: 77494300 ns, Reaching safepoint: 140000 ns, At safepoint: 22600 ns, Total: 162600 ns
[31.143s][info][safepoint] Safepoint "ZRelocateStart", Time since last: 2953600 ns, Reaching safepoint: 136600 ns, At safepoint: 11700 ns, Total: 148300 ns
[31.144s][info][gc       ] GC(52) Garbage Collection (Allocation Rate) 3132M(39%)->648M(8%)
[31.655s][info][safepoint] Safepoint "ZMarkStart", Time since last: 498132700 ns, Reaching safepoint: 13994300 ns, At safepoint: 83200 ns, Total: 14077500 ns
[32.034s][info][safepoint] Safepoint "ZMarkEnd", Time since last: 378658000 ns, Reaching safepoint: 183700 ns, At safepoint: 75800 ns, Total: 259500 ns
[32.041s][info][safepoint] Safepoint "ZRelocateStart", Time since last: 5915800 ns, Reaching safepoint: 207600 ns, At safepoint: 81400 ns, Total: 289000 ns
[32.041s][info][gc       ] GC(53) Garbage Collection (Allocation Rate) 4268M(53%)->3428M(42%)
[32.184s][info][safepoint] Safepoint "ZMarkStart", Time since last: 100080300 ns, Reaching safepoint: 43462800 ns, At safepoint: 81500 ns, Total: 43544300 ns
[32.356s][info][safepoint] Safepoint "ZMarkEnd", Time since last: 171565700 ns, Reaching safepoint: 110100 ns, At safepoint: 72600 ns, Total: 182700 ns
[32.360s][info][safepoint] Safepoint "ZRelocateStart", Time since last: 3511000 ns, Reaching safepoint: 686100 ns, At safepoint: 69300 ns, Total: 755400 ns
[32.361s][info][gc       ] GC(54) Garbage Collection (Allocation Rate) 3428M(42%)->1260M(16%)
[32.642s][info][safepoint] Safepoint "ZMarkStart", Time since last: 281388700 ns, Reaching safepoint: 163800 ns, At safepoint: 19000 ns, Total: 182800 ns
[32.792s][info][safepoint] Safepoint "ZMarkEnd", Time since last: 149582300 ns, Reaching safepoint: 180200 ns, At safepoint: 21200 ns, Total: 201400 ns
[32.835s][info][safepoint] Safepoint "ZRelocateStart", Time since last: 3241600 ns, Reaching safepoint: 39795500 ns, At safepoint: 52300 ns, Total: 39847800 ns
[32.835s][info][gc       ] GC(55) Garbage Collection (Allocation Rate) 3352M(41%)->1156M(14%)
[33.260s][info][safepoint] Safepoint "ZMarkStart", Time since last: 406444200 ns, Reaching safepoint: 19198100 ns, At safepoint: 73600 ns, Total: 19271700 ns
[33.341s][info][safepoint] Safepoint "ZMarkEnd", Time since last: 61529800 ns, Reaching safepoint: 19350100 ns, At safepoint: 83100 ns, Total: 19433200 ns
[33.345s][info][safepoint] Safepoint "ZRelocateStart", Time since last: 3470000 ns, Reaching safepoint: 140400 ns, At safepoint: 56900 ns, Total: 197300 ns
[33.346s][info][gc       ] GC(56) Garbage Collection (Allocation Rate) 4450M(55%)->582M(7%)
[33.742s][info][safepoint] Safepoint "ZMarkStart", Time since last: 396398500 ns, Reaching safepoint: 155100 ns, At safepoint: 58100 ns, Total: 213200 ns
[33.928s][info][safepoint] Safepoint "ZMarkEnd", Time since last: 186072400 ns, Reaching safepoint: 59500 ns, At safepoint: 98800 ns, Total: 158300 ns
[33.930s][info][safepoint] Safepoint "ZRelocateStart", Time since last: 2314800 ns, Reaching safepoint: 141200 ns, At safepoint: 24200 ns, Total: 165400 ns
[33.931s][info][gc       ] GC(57) Garbage Collection (Allocation Rate) 3544M(44%)->940M(12%)
[34.442s][info][safepoint] Safepoint "ZMarkStart", Time since last: 511261700 ns, Reaching safepoint: 217800 ns, At safepoint: 12000 ns, Total: 229800 ns
[34.448s][info][safepoint] Safepoint "ZMarkEnd", Time since last: 5645300 ns, Reaching safepoint: 156600 ns, At safepoint: 69500 ns, Total: 226100 ns
[34.472s][info][safepoint] Safepoint "ZRelocateStart", Time since last: 3744200 ns, Reaching safepoint: 20922100 ns, At safepoint: 95400 ns, Total: 21017500 ns
[34.473s][info][gc       ] GC(58) Garbage Collection (Allocation Rate) 4352M(54%)->156M(2%)
[35.042s][info][safepoint] Safepoint "ZMarkStart", Time since last: 568921600 ns, Reaching safepoint: 103600 ns, At safepoint: 129700 ns, Total: 233300 ns
[35.056s][info][safepoint] Safepoint "ZMarkEnd", Time since last: 13892100 ns, Reaching safepoint: 119100 ns, At safepoint: 74400 ns, Total: 193500 ns
[35.076s][info][safepoint] Safepoint "ZRelocateStart", Time since last: 2995200 ns, Reaching safepoint: 17361900 ns, At safepoint: 54800 ns, Total: 17416700 ns
[35.077s][info][gc       ] GC(59) Garbage Collection (Allocation Rate) 4538M(56%)->136M(2%)
[35.554s][info][safepoint] Safepoint "ZMarkStart", Time since last: 465183400 ns, Reaching safepoint: 12970100 ns, At safepoint: 91900 ns, Total: 13062000 ns
[35.818s][info][safepoint] Safepoint "ZMarkEnd", Time since last: 263042000 ns, Reaching safepoint: 210300 ns, At safepoint: 54400 ns, Total: 264700 ns
[35.821s][info][safepoint] Safepoint "ZRelocateStart", Time since last: 3061500 ns, Reaching safepoint: 212800 ns, At safepoint: 12100 ns, Total: 224900 ns
[35.821s][info][gc       ] GC(60) Garbage Collection (Allocation Rate) 3910M(48%)->1886M(23%)
[35.961s][info][safepoint] Safepoint "ZMarkStart", Time since last: 119359200 ns, Reaching safepoint: 20962000 ns, At safepoint: 77200 ns, Total: 21039200 ns
[36.387s][info][safepoint] Safepoint "ZMarkEnd", Time since last: 425018300 ns, Reaching safepoint: 193800 ns, At safepoint: 54900 ns, Total: 248700 ns
[36.391s][info][safepoint] Safepoint "ZRelocateStart", Time since last: 4153800 ns, Reaching safepoint: 142900 ns, At safepoint: 9700 ns, Total: 152600 ns
[36.391s][info][gc       ] GC(61) Garbage Collection (Allocation Rate) 2556M(31%)->3956M(49%)
[36.441s][info][safepoint] Safepoint "ZMarkStart", Time since last: 50395400 ns, Reaching safepoint: 140900 ns, At safepoint: 21100 ns, Total: 162000 ns
[36.529s][info][safepoint] Safepoint "ZMarkEnd", Time since last: 87010100 ns, Reaching safepoint: 113300 ns, At safepoint: 16100 ns, Total: 129400 ns
[36.532s][info][safepoint] Safepoint "ZRelocateStart", Time since last: 3108900 ns, Reaching safepoint: 135400 ns, At safepoint: 14000 ns, Total: 149400 ns
[36.533s][info][gc       ] GC(62) Garbage Collection (Allocation Rate) 4408M(54%)->562M(7%)
[37.140s][info][safepoint] Safepoint "ZMarkStart", Time since last: 608500500 ns, Reaching safepoint: 159500 ns, At safepoint: 14900 ns, Total: 174400 ns
[37.220s][info][safepoint] Safepoint "ZMarkEnd", Time since last: 62942100 ns, Reaching safepoint: 16008200 ns, At safepoint: 80100 ns, Total: 16088300 ns
[37.223s][info][safepoint] Safepoint "ZRelocateStart", Time since last: 3080900 ns, Reaching safepoint: 173700 ns, At safepoint: 62200 ns, Total: 235900 ns
[37.223s][info][gc       ] GC(63) Garbage Collection (Allocation Rate) 4676M(58%)->548M(7%)
[37.742s][info][safepoint] Safepoint "ZMarkStart", Time since last: 519033700 ns, Reaching safepoint: 163800 ns, At safepoint: 67200 ns, Total: 231000 ns
[38.135s][info][safepoint] Safepoint "ZMarkEnd", Time since last: 392875100 ns, Reaching safepoint: 256400 ns, At safepoint: 50000 ns, Total: 306400 ns
[38.139s][info][safepoint] Safepoint "ZRelocateStart", Time since last: 3226500 ns, Reaching safepoint: 139300 ns, At safepoint: 53400 ns, Total: 192700 ns
[38.139s][info][gc       ] GC(64) Garbage Collection (Allocation Rate) 4266M(53%)->2604M(32%)
[38.141s][info][safepoint] Safepoint "ZMarkStart", Time since last: 2201500 ns, Reaching safepoint: 156100 ns, At safepoint: 50200 ns, Total: 206300 ns
[38.470s][info][safepoint] Safepoint "ZMarkEnd", Time since last: 328710200 ns, Reaching safepoint: 130600 ns, At safepoint: 69600 ns, Total: 200200 ns
[38.477s][info][safepoint] Safepoint "ZRelocateStart", Time since last: 6711500 ns, Reaching safepoint: 158700 ns, At safepoint: 67300 ns, Total: 226000 ns
[38.478s][info][gc       ] GC(65) Garbage Collection (Allocation Rate) 2618M(32%)->3128M(39%)
[38.543s][info][safepoint] Safepoint "ZMarkStart", Time since last: 65007300 ns, Reaching safepoint: 500700 ns, At safepoint: 82100 ns, Total: 582800 ns
[38.683s][info][safepoint] Safepoint "ZMarkEnd", Time since last: 140485500 ns, Reaching safepoint: 210000 ns, At safepoint: 20300 ns, Total: 230300 ns
[38.721s][info][safepoint] Safepoint "ZRelocateStart", Time since last: 3238100 ns, Reaching safepoint: 34470800 ns, At safepoint: 82000 ns, Total: 34552800 ns
[38.722s][info][gc       ] GC(66) Garbage Collection (Allocation Rate) 3158M(39%)->1156M(14%)
[39.041s][info][safepoint] Safepoint "ZMarkStart", Time since last: 319359600 ns, Reaching safepoint: 148400 ns, At safepoint: 12600 ns, Total: 161000 ns
[39.233s][info][safepoint] Safepoint "ZMarkEnd", Time since last: 192291200 ns, Reaching safepoint: 163700 ns, At safepoint: 58600 ns, Total: 222300 ns
[39.236s][info][safepoint] Safepoint "ZRelocateStart", Time since last: 2938000 ns, Reaching safepoint: 142600 ns, At safepoint: 60100 ns, Total: 202700 ns
[39.237s][info][gc       ] GC(67) Garbage Collection (Allocation Rate) 3534M(44%)->1200M(15%)
[39.642s][info][safepoint] Safepoint "ZMarkStart", Time since last: 405557000 ns, Reaching safepoint: 159900 ns, At safepoint: 72900 ns, Total: 232800 ns
[39.909s][info][safepoint] Safepoint "ZMarkEnd", Time since last: 266920500 ns, Reaching safepoint: 190200 ns, At safepoint: 60800 ns, Total: 251000 ns
[39.913s][info][safepoint] Safepoint "ZRelocateStart", Time since last: 3642400 ns, Reaching safepoint: 127900 ns, At safepoint: 63100 ns, Total: 191000 ns
[39.914s][info][gc       ] GC(68) Garbage Collection (Allocation Rate) 4148M(51%)->2542M(31%)
[40.142s][info][safepoint] Safepoint "ZMarkStart", Time since last: 228241900 ns, Reaching safepoint: 499900 ns, At safepoint: 19300 ns, Total: 519200 ns
[40.183s][info][safepoint] Safepoint "ZMarkEnd", Time since last: 40605700 ns, Reaching safepoint: 128200 ns, At safepoint: 23500 ns, Total: 151700 ns
[40.196s][info][safepoint] Safepoint "ZRelocateStart", Time since last: 13568700 ns, Reaching safepoint: 169200 ns, At safepoint: 11500 ns, Total: 180700 ns
[40.197s][info][gc       ] GC(69) Garbage Collection (Allocation Rate) 4184M(52%)->384M(5%)
[40.767s][info][safepoint] Safepoint "ZMarkStart", Time since last: 543964200 ns, Reaching safepoint: 26940800 ns, At safepoint: 98300 ns, Total: 27039100 ns
[41.034s][info][safepoint] Safepoint "ZMarkEnd", Time since last: 265970500 ns, Reaching safepoint: 245200 ns, At safepoint: 89600 ns, Total: 334800 ns
[41.037s][info][safepoint] Safepoint "ZRelocateStart", Time since last: 3147300 ns, Reaching safepoint: 157200 ns, At safepoint: 62800 ns, Total: 220000 ns
[41.038s][info][gc       ] GC(70) Garbage Collection (Allocation Rate) 4296M(53%)->2446M(30%)
[41.241s][info][safepoint] Safepoint "ZMarkStart", Time since last: 204301600 ns, Reaching safepoint: 176700 ns, At safepoint: 15000 ns, Total: 191700 ns
[41.526s][info][safepoint] Safepoint "ZMarkEnd", Time since last: 281922900 ns, Reaching safepoint: 3025600 ns, At safepoint: 59300 ns, Total: 3084900 ns
[41.530s][info][safepoint] Safepoint "ZRelocateStart", Time since last: 3150200 ns, Reaching safepoint: 139800 ns, At safepoint: 17200 ns, Total: 157000 ns
[41.530s][info][gc       ] GC(71) Garbage Collection (Allocation Rate) 3928M(48%)->2670M(33%)
[41.741s][info][safepoint] Safepoint "ZMarkStart", Time since last: 210584000 ns, Reaching safepoint: 290700 ns, At safepoint: 18000 ns, Total: 308700 ns
[41.766s][info][safepoint] Safepoint "ZMarkEnd", Time since last: 20647900 ns, Reaching safepoint: 4980800 ns, At safepoint: 75600 ns, Total: 5056400 ns
[41.769s][info][safepoint] Safepoint "ZRelocateStart", Time since last: 2862400 ns, Reaching safepoint: 146600 ns, At safepoint: 15800 ns, Total: 162400 ns
[41.770s][info][gc       ] GC(72) Garbage Collection (Allocation Rate) 4084M(50%)->190M(2%)
[42.250s][info][safepoint] Safepoint "ZMarkStart", Time since last: 471965700 ns, Reaching safepoint: 8916300 ns, At safepoint: 23800 ns, Total: 8940100 ns
[42.372s][info][safepoint] Safepoint "ZMarkEnd", Time since last: 121913200 ns, Reaching safepoint: 165400 ns, At safepoint: 24200 ns, Total: 189600 ns
[42.376s][info][safepoint] Safepoint "ZRelocateStart", Time since last: 3172500 ns, Reaching safepoint: 162000 ns, At safepoint: 11300 ns, Total: 173300 ns
[42.377s][info][gc       ] GC(73) Garbage Collection (Allocation Rate) 3580M(44%)->882M(11%)
[42.854s][info][safepoint] Safepoint "ZMarkStart", Time since last: 464677600 ns, Reaching safepoint: 13003100 ns, At safepoint: 93900 ns, Total: 13097000 ns
[43.132s][info][safepoint] Safepoint "ZMarkEnd", Time since last: 277933200 ns, Reaching safepoint: 167800 ns, At safepoint: 62300 ns, Total: 230100 ns
[43.135s][info][safepoint] Safepoint "ZRelocateStart", Time since last: 3148800 ns, Reaching safepoint: 130000 ns, At safepoint: 53100 ns, Total: 183100 ns
[43.136s][info][gc       ] GC(74) Garbage Collection (Allocation Rate) 3692M(45%)->1904M(23%)
[43.441s][info][safepoint] Safepoint "ZMarkStart", Time since last: 305454500 ns, Reaching safepoint: 168300 ns, At safepoint: 11800 ns, Total: 180100 ns
[43.824s][info][safepoint] Safepoint "ZMarkEnd", Time since last: 383001100 ns, Reaching safepoint: 150100 ns, At safepoint: 68100 ns, Total: 218200 ns
[43.827s][info][safepoint] Safepoint "ZRelocateStart", Time since last: 2968400 ns, Reaching safepoint: 137200 ns, At safepoint: 15200 ns, Total: 152400 ns
[43.828s][info][gc       ] GC(75) Garbage Collection (Allocation Rate) 3728M(46%)->2148M(26%)
[44.054s][info][safepoint] Safepoint "ZMarkStart", Time since last: 213740500 ns, Reaching safepoint: 12944900 ns, At safepoint: 62000 ns, Total: 13006900 ns
[44.240s][info][safepoint] Safepoint "ZMarkEnd", Time since last: 185805400 ns, Reaching safepoint: 143200 ns, At safepoint: 22800 ns, Total: 166000 ns
[44.246s][info][safepoint] Safepoint "ZRelocateStart", Time since last: 5632300 ns, Reaching safepoint: 152200 ns, At safepoint: 18700 ns, Total: 170900 ns
[44.247s][info][gc       ] GC(76) Garbage Collection (Allocation Rate) 3286M(40%)->1262M(16%)
[44.642s][info][safepoint] Safepoint "ZMarkStart", Time since last: 396343600 ns, Reaching safepoint: 187000 ns, At safepoint: 54700 ns, Total: 241700 ns
[44.906s][info][safepoint] Safepoint "ZMarkEnd", Time since last: 263768900 ns, Reaching safepoint: 161000 ns, At safepoint: 71300 ns, Total: 232300 ns
[44.911s][info][safepoint] Safepoint "ZRelocateStart", Time since last: 4523700 ns, Reaching safepoint: 181600 ns, At safepoint: 64700 ns, Total: 246300 ns
[44.911s][info][gc       ] GC(77) Garbage Collection (Allocation Rate) 4148M(51%)->2452M(30%)
[45.049s][info][safepoint] Safepoint "ZMarkStart", Time since last: 130934400 ns, Reaching safepoint: 7037900 ns, At safepoint: 100900 ns, Total: 7138800 ns
[45.237s][info][safepoint] Safepoint "ZMarkEnd", Time since last: 187808800 ns, Reaching safepoint: 142500 ns, At safepoint: 23800 ns, Total: 166300 ns
[45.245s][info][safepoint] Safepoint "ZRelocateStart", Time since last: 7750800 ns, Reaching safepoint: 138600 ns, At safepoint: 18600 ns, Total: 157200 ns
[45.245s][info][gc       ] GC(78) Garbage Collection (Allocation Rate) 3430M(42%)->1382M(17%)
[45.642s][info][safepoint] Safepoint "ZMarkStart", Time since last: 396945300 ns, Reaching safepoint: 168300 ns, At safepoint: 17900 ns, Total: 186200 ns
[46.071s][info][safepoint] Safepoint "ZMarkEnd", Time since last: 428852700 ns, Reaching safepoint: 205100 ns, At safepoint: 60700 ns, Total: 265800 ns
[46.075s][info][safepoint] Safepoint "ZRelocateStart", Time since last: 3453700 ns, Reaching safepoint: 197900 ns, At safepoint: 13400 ns, Total: 211300 ns
[46.076s][info][gc       ] GC(79) Garbage Collection (Allocation Rate) 4154M(51%)->3638M(45%)
[46.211s][info][safepoint] Safepoint "ZMarkStart", Time since last: 66043400 ns, Reaching safepoint: 70145300 ns, At safepoint: 84100 ns, Total: 70229400 ns
[46.625s][info][safepoint] Safepoint "ZMarkEnd", Time since last: 410886600 ns, Reaching safepoint: 3014900 ns, At safepoint: 91400 ns, Total: 3106300 ns
[46.628s][info][safepoint] Safepoint "ZRelocateStart", Time since last: 2771600 ns, Reaching safepoint: 133000 ns, At safepoint: 65500 ns, Total: 198500 ns
[46.629s][info][gc       ] GC(80) Garbage Collection (Allocation Rate) 3878M(48%)->3880M(48%)
[46.642s][info][safepoint] Safepoint "ZMarkStart", Time since last: 14006300 ns, Reaching safepoint: 142300 ns, At safepoint: 8800 ns, Total: 151100 ns
[46.921s][info][safepoint] Safepoint "ZMarkEnd", Time since last: 278811100 ns, Reaching safepoint: 138600 ns, At safepoint: 72000 ns, Total: 210600 ns
[46.924s][info][safepoint] Safepoint "ZRelocateStart", Time since last: 2990600 ns, Reaching safepoint: 112600 ns, At safepoint: 90200 ns, Total: 202800 ns
[46.925s][info][gc       ] GC(81) Garbage Collection (Allocation Rate) 3880M(48%)->1526M(19%)
[47.341s][info][safepoint] Safepoint "ZMarkStart", Time since last: 415736200 ns, Reaching safepoint: 458200 ns, At safepoint: 13900 ns, Total: 472100 ns
[47.378s][info][safepoint] Safepoint "ZMarkEnd", Time since last: 37606800 ns, Reaching safepoint: 181200 ns, At safepoint: 21300 ns, Total: 202500 ns
[47.393s][info][safepoint] Safepoint "ZRelocateStart", Time since last: 3735400 ns, Reaching safepoint: 10975100 ns, At safepoint: 98700 ns, Total: 11073800 ns
[47.394s][info][gc       ] GC(82) Garbage Collection (Allocation Rate) 4344M(53%)->358M(4%)
[47.854s][info][safepoint] Safepoint "ZMarkStart", Time since last: 448202500 ns, Reaching safepoint: 12992100 ns, At safepoint: 82100 ns, Total: 13074200 ns
[47.950s][info][safepoint] Safepoint "ZMarkEnd", Time since last: 95622900 ns, Reaching safepoint: 214700 ns, At safepoint: 53100 ns, Total: 267800 ns
[47.954s][info][safepoint] Safepoint "ZRelocateStart", Time since last: 2923900 ns, Reaching safepoint: 188900 ns, At safepoint: 55800 ns, Total: 244700 ns
[47.954s][info][gc       ] GC(83) Garbage Collection (Allocation Rate) 3546M(44%)->766M(9%)
[48.541s][info][safepoint] Safepoint "ZMarkStart", Time since last: 587528000 ns, Reaching safepoint: 163900 ns, At safepoint: 62100 ns, Total: 226000 ns
[48.550s][info][safepoint] Safepoint "ZMarkEnd", Time since last: 8728200 ns, Reaching safepoint: 182100 ns, At safepoint: 73000 ns, Total: 255100 ns
[48.554s][info][safepoint] Safepoint "ZRelocateStart", Time since last: 3025100 ns, Reaching safepoint: 383400 ns, At safepoint: 64600 ns, Total: 448000 ns
[48.554s][info][gc       ] GC(84) Garbage Collection (Allocation Rate) 4294M(53%)->92M(1%)
[49.145s][info][safepoint] Safepoint "ZMarkStart", Time since last: 588284100 ns, Reaching safepoint: 3066400 ns, At safepoint: 54300 ns, Total: 3120700 ns
[49.530s][info][safepoint] Safepoint "ZMarkEnd", Time since last: 384857600 ns, Reaching safepoint: 110100 ns, At safepoint: 91800 ns, Total: 201900 ns
[49.533s][info][safepoint] Safepoint "ZRelocateStart", Time since last: 2503600 ns, Reaching safepoint: 134400 ns, At safepoint: 9900 ns, Total: 144300 ns
[49.533s][info][gc       ] GC(85) Garbage Collection (Allocation Rate) 4356M(54%)->3428M(42%)
[49.542s][info][safepoint] Safepoint "ZMarkStart", Time since last: 9217000 ns, Reaching safepoint: 135500 ns, At safepoint: 7100 ns, Total: 142600 ns
[49.705s][info][safepoint] Safepoint "ZMarkEnd", Time since last: 162905200 ns, Reaching safepoint: 119500 ns, At safepoint: 16400 ns, Total: 135900 ns
[49.708s][info][safepoint] Safepoint "ZRelocateStart", Time since last: 2865300 ns, Reaching safepoint: 158900 ns, At safepoint: 10100 ns, Total: 169000 ns
[49.709s][info][gc       ] GC(86) Garbage Collection (Allocation Rate) 3428M(42%)->894M(11%)
[50.141s][info][safepoint] Safepoint "ZMarkStart", Time since last: 432566800 ns, Reaching safepoint: 140200 ns, At safepoint: 31100 ns, Total: 171300 ns
[50.246s][info][safepoint] Safepoint "ZMarkEnd", Time since last: 104923800 ns, Reaching safepoint: 203900 ns, At safepoint: 52800 ns, Total: 256700 ns
[50.251s][info][safepoint] Safepoint "ZRelocateStart", Time since last: 4578400 ns, Reaching safepoint: 140800 ns, At safepoint: 10300 ns, Total: 151100 ns
[50.252s][info][gc       ] GC(87) Garbage Collection (Allocation Rate) 3194M(39%)->580M(7%)
[50.845s][info][safepoint] Safepoint "ZMarkStart", Time since last: 590942800 ns, Reaching safepoint: 3060200 ns, At safepoint: 76900 ns, Total: 3137100 ns
[50.882s][info][safepoint] Safepoint "ZMarkEnd", Time since last: 36885900 ns, Reaching safepoint: 265200 ns, At safepoint: 50300 ns, Total: 315500 ns
[50.885s][info][safepoint] Safepoint "ZRelocateStart", Time since last: 3064100 ns, Reaching safepoint: 144400 ns, At safepoint: 56500 ns, Total: 200900 ns
[50.886s][info][gc       ] GC(88) Garbage Collection (Allocation Rate) 4508M(56%)->372M(5%)
[51.341s][info][safepoint] Safepoint "ZMarkStart", Time since last: 455347200 ns, Reaching safepoint: 148700 ns, At safepoint: 97100 ns, Total: 245800 ns
[51.610s][info][safepoint] Safepoint "ZMarkEnd", Time since last: 268660300 ns, Reaching safepoint: 155100 ns, At safepoint: 76100 ns, Total: 231200 ns
[51.613s][info][safepoint] Safepoint "ZRelocateStart", Time since last: 3352000 ns, Reaching safepoint: 126300 ns, At safepoint: 55500 ns, Total: 181800 ns
[51.615s][info][gc       ] GC(89) Garbage Collection (Allocation Rate) 3566M(44%)->1304M(16%)
[51.948s][info][safepoint] Safepoint "ZMarkStart", Time since last: 327458400 ns, Reaching safepoint: 6901300 ns, At safepoint: 80200 ns, Total: 6981500 ns
[52.236s][info][safepoint] Safepoint "ZMarkEnd", Time since last: 288058300 ns, Reaching safepoint: 241100 ns, At safepoint: 60100 ns, Total: 301200 ns
[52.240s][info][safepoint] Safepoint "ZRelocateStart", Time since last: 3634200 ns, Reaching safepoint: 213600 ns, At safepoint: 13700 ns, Total: 227300 ns
[52.241s][info][gc       ] GC(90) Garbage Collection (Allocation Rate) 3764M(46%)->1940M(24%)
[52.641s][info][safepoint] Safepoint "ZMarkStart", Time since last: 400304400 ns, Reaching safepoint: 740600 ns, At safepoint: 31900 ns, Total: 772500 ns
[52.700s][info][safepoint] Safepoint "ZMarkEnd", Time since last: 58186100 ns, Reaching safepoint: 144900 ns, At safepoint: 25800 ns, Total: 170700 ns
[52.705s][info][safepoint] Safepoint "ZRelocateStart", Time since last: 5204300 ns, Reaching safepoint: 152700 ns, At safepoint: 86000 ns, Total: 238700 ns
[52.706s][info][gc       ] GC(91) Garbage Collection (Allocation Rate) 4344M(53%)->550M(7%)
[53.241s][info][safepoint] Safepoint "ZMarkStart", Time since last: 535279900 ns, Reaching safepoint: 157300 ns, At safepoint: 77600 ns, Total: 234900 ns
[53.506s][info][safepoint] Safepoint "ZMarkEnd", Time since last: 264793300 ns, Reaching safepoint: 195600 ns, At safepoint: 56900 ns, Total: 252500 ns
[53.509s][info][safepoint] Safepoint "ZRelocateStart", Time since last: 3503500 ns, Reaching safepoint: 152900 ns, At safepoint: 66300 ns, Total: 219200 ns
[53.510s][info][gc       ] GC(92) Garbage Collection (Allocation Rate) 4296M(53%)->1472M(18%)
[53.841s][info][safepoint] Safepoint "ZMarkStart", Time since last: 331060600 ns, Reaching safepoint: 197400 ns, At safepoint: 12500 ns, Total: 209900 ns
[54.072s][info][safepoint] Safepoint "ZMarkEnd", Time since last: 230834200 ns, Reaching safepoint: 110700 ns, At safepoint: 92500 ns, Total: 203200 ns
[54.086s][info][safepoint] Safepoint "ZRelocateStart", Time since last: 3656400 ns, Reaching safepoint: 11009100 ns, At safepoint: 78400 ns, Total: 11087500 ns
[54.087s][info][gc       ] GC(93) Garbage Collection (Allocation Rate) 3696M(46%)->1612M(20%)
[54.552s][info][safepoint] Safepoint "ZMarkStart", Time since last: 454132700 ns, Reaching safepoint: 11003300 ns, At safepoint: 77900 ns, Total: 11081200 ns
[54.649s][info][safepoint] Safepoint "ZMarkEnd", Time since last: 97077400 ns, Reaching safepoint: 233700 ns, At safepoint: 57300 ns, Total: 291000 ns
[54.653s][info][safepoint] Safepoint "ZRelocateStart", Time since last: 3950400 ns, Reaching safepoint: 140000 ns, At safepoint: 12100 ns, Total: 152100 ns
[54.654s][info][gc       ] GC(94) Garbage Collection (Allocation Rate) 4770M(59%)->830M(10%)
[55.242s][info][safepoint] Safepoint "ZMarkStart", Time since last: 588548500 ns, Reaching safepoint: 171800 ns, At safepoint: 87200 ns, Total: 259000 ns
[55.319s][info][safepoint] Safepoint "ZMarkEnd", Time since last: 76725000 ns, Reaching safepoint: 201800 ns, At safepoint: 53400 ns, Total: 255200 ns
[55.322s][info][safepoint] Safepoint "ZRelocateStart", Time since last: 2885900 ns, Reaching safepoint: 94800 ns, At safepoint: 68100 ns, Total: 162900 ns
[55.323s][info][gc       ] GC(95) Garbage Collection (Allocation Rate) 4564M(56%)->576M(7%)
[55.841s][info][safepoint] Safepoint "ZMarkStart", Time since last: 519138000 ns, Reaching safepoint: 160500 ns, At safepoint: 65100 ns, Total: 225600 ns
[56.282s][info][safepoint] Safepoint "ZMarkEnd", Time since last: 440983400 ns, Reaching safepoint: 218400 ns, At safepoint: 52800 ns, Total: 271200 ns
[56.286s][info][safepoint] Safepoint "ZRelocateStart", Time since last: 2942000 ns, Reaching safepoint: 135800 ns, At safepoint: 9400 ns, Total: 145200 ns
[56.286s][info][gc       ] GC(96) Garbage Collection (Allocation Rate) 4264M(52%)->2614M(32%)
[56.350s][info][safepoint] Safepoint "ZMarkStart", Time since last: 55635600 ns, Reaching safepoint: 8962100 ns, At safepoint: 74600 ns, Total: 9036700 ns
[56.433s][info][safepoint] Safepoint "ZMarkEnd", Time since last: 82033000 ns, Reaching safepoint: 215000 ns, At safepoint: 31400 ns, Total: 246400 ns
[56.439s][info][safepoint] Safepoint "ZRelocateStart", Time since last: 6225300 ns, Reaching safepoint: 140600 ns, At safepoint: 20800 ns, Total: 161400 ns
[56.440s][info][gc       ] GC(97) Garbage Collection (Allocation Rate) 3086M(38%)->586M(7%)
[57.043s][info][safepoint] Safepoint "ZMarkStart", Time since last: 601320400 ns, Reaching safepoint: 3138300 ns, At safepoint: 71100 ns, Total: 3209400 ns
[57.082s][info][safepoint] Safepoint "ZMarkEnd", Time since last: 37814000 ns, Reaching safepoint: 222500 ns, At safepoint: 52500 ns, Total: 275000 ns
[57.085s][info][safepoint] Safepoint "ZRelocateStart", Time since last: 3430400 ns, Reaching safepoint: 131800 ns, At safepoint: 35700 ns, Total: 167500 ns
[57.086s][info][gc       ] GC(98) Garbage Collection (Allocation Rate) 4520M(56%)->352M(4%)
[57.556s][info][safepoint] Safepoint "ZMarkStart", Time since last: 455386300 ns, Reaching safepoint: 15008300 ns, At safepoint: 106900 ns, Total: 15115200 ns
[57.742s][info][safepoint] Safepoint "ZMarkEnd", Time since last: 186541200 ns, Reaching safepoint: 143800 ns, At safepoint: 86300 ns, Total: 230100 ns
[57.746s][info][safepoint] Safepoint "ZRelocateStart", Time since last: 3220800 ns, Reaching safepoint: 166400 ns, At safepoint: 29900 ns, Total: 196300 ns
[57.747s][info][gc       ] GC(99) Garbage Collection (Allocation Rate) 3546M(44%)->1252M(15%)
[58.144s][info][safepoint] Safepoint "ZMarkStart", Time since last: 395378300 ns, Reaching safepoint: 2899700 ns, At safepoint: 89200 ns, Total: 2988900 ns
[58.532s][info][safepoint] Safepoint "ZMarkEnd", Time since last: 387940500 ns, Reaching safepoint: 138300 ns, At safepoint: 78200 ns, Total: 216500 ns
[58.536s][info][safepoint] Safepoint "ZRelocateStart", Time since last: 3779200 ns, Reaching safepoint: 138900 ns, At safepoint: 54900 ns, Total: 193800 ns
[58.537s][info][gc       ] GC(100) Garbage Collection (Allocation Rate) 4142M(51%)->3488M(43%)
[58.541s][info][safepoint] Safepoint "ZMarkStart", Time since last: 4838300 ns, Reaching safepoint: 133700 ns, At safepoint: 63300 ns, Total: 197000 ns
[58.807s][info][safepoint] Safepoint "ZMarkEnd", Time since last: 265837800 ns, Reaching safepoint: 222600 ns, At safepoint: 58900 ns, Total: 281500 ns
[58.811s][info][safepoint] Safepoint "ZRelocateStart", Time since last: 3141900 ns, Reaching safepoint: 133900 ns, At safepoint: 66500 ns, Total: 200400 ns
[58.812s][info][gc       ] GC(101) Garbage Collection (Allocation Rate) 3528M(43%)->1668M(21%)
[59.240s][info][safepoint] Safepoint "ZMarkStart", Time since last: 429404100 ns, Reaching safepoint: 204400 ns, At safepoint: 15900 ns, Total: 220300 ns
[59.342s][info][safepoint] Safepoint "ZMarkEnd", Time since last: 101702000 ns, Reaching safepoint: 150700 ns, At safepoint: 77300 ns, Total: 228000 ns
[59.346s][info][safepoint] Safepoint "ZRelocateStart", Time since last: 3281300 ns, Reaching safepoint: 144500 ns, At safepoint: 18000 ns, Total: 162500 ns
[59.347s][info][gc       ] GC(102) Garbage Collection (Allocation Rate) 4568M(56%)->820M(10%)
[59.942s][info][safepoint] Safepoint "ZMarkStart", Time since last: 595731300 ns, Reaching safepoint: 148600 ns, At safepoint: 67700 ns, Total: 216300 ns
[59.996s][info][safepoint] Safepoint "ZMarkEnd", Time since last: 53767900 ns, Reaching safepoint: 143300 ns, At safepoint: 73500 ns, Total: 216800 ns
[60.000s][info][safepoint] Safepoint "ZRelocateStart", Time since last: 4039600 ns, Reaching safepoint: 149000 ns, At safepoint: 49700 ns, Total: 198700 ns
[60.000s][info][gc       ] GC(103) Garbage Collection (Allocation Rate) 4582M(56%)->402M(5%)
[60.441s][info][safepoint] Safepoint "ZMarkStart", Time since last: 440678400 ns, Reaching safepoint: 198100 ns, At safepoint: 80000 ns, Total: 278100 ns
[60.594s][info][safepoint] Safepoint "ZMarkEnd", Time since last: 153035300 ns, Reaching safepoint: 212400 ns, At safepoint: 95200 ns, Total: 307600 ns
[60.598s][info][safepoint] Safepoint "ZRelocateStart", Time since last: 3667500 ns, Reaching safepoint: 196100 ns, At safepoint: 13900 ns, Total: 210000 ns
[60.599s][info][gc       ] GC(104) Garbage Collection (Allocation Rate) 3386M(42%)->914M(11%)
[61.242s][info][safepoint] Safepoint "ZMarkStart", Time since last: 643774800 ns, Reaching safepoint: 258500 ns, At safepoint: 44600 ns, Total: 303100 ns
[61.462s][info][safepoint] Safepoint "ZMarkEnd", Time since last: 218672900 ns, Reaching safepoint: 693300 ns, At safepoint: 85600 ns, Total: 778900 ns
[61.468s][info][safepoint] Safepoint "ZRelocateStart", Time since last: 3451100 ns, Reaching safepoint: 2860200 ns, At safepoint: 66600 ns, Total: 2926800 ns
[61.469s][info][gc       ] GC(105) Garbage Collection (Allocation Rate) 5006M(62%)->1434M(18%)
[61.951s][info][safepoint] Safepoint "ZMarkStart", Time since last: 473881000 ns, Reaching safepoint: 8979700 ns, At safepoint: 65500 ns, Total: 9045200 ns
[62.145s][info][safepoint] Safepoint "ZMarkEnd", Time since last: 194071700 ns, Reaching safepoint: 228000 ns, At safepoint: 69700 ns, Total: 297700 ns
[62.149s][info][safepoint] Safepoint "ZRelocateStart", Time since last: 3612200 ns, Reaching safepoint: 213300 ns, At safepoint: 15700 ns, Total: 229000 ns
[62.150s][info][gc       ] GC(106) Garbage Collection (Allocation Rate) 4876M(60%)->1358M(17%)
[62.747s][info][safepoint] Safepoint "ZMarkStart", Time since last: 592282000 ns, Reaching safepoint: 4959000 ns, At safepoint: 76100 ns, Total: 5035100 ns
[63.130s][info][safepoint] Safepoint "ZMarkEnd", Time since last: 383257300 ns, Reaching safepoint: 230400 ns, At safepoint: 78100 ns, Total: 308500 ns
[63.135s][info][safepoint] Safepoint "ZRelocateStart", Time since last: 4493400 ns, Reaching safepoint: 193200 ns, At safepoint: 61100 ns, Total: 254300 ns
[63.136s][info][gc       ] GC(107) Garbage Collection (Allocation Rate) 5624M(69%)->2792M(34%)
[63.170s][info][safepoint] Safepoint "ZMarkStart", Time since last: 5820900 ns, Reaching safepoint: 28981100 ns, At safepoint: 67800 ns, Total: 29048900 ns
[63.264s][info][safepoint] Safepoint "ZMarkEnd", Time since last: 93996300 ns, Reaching safepoint: 205500 ns, At safepoint: 20100 ns, Total: 225600 ns
[63.267s][info][safepoint] Safepoint "ZRelocateStart", Time since last: 3176500 ns, Reaching safepoint: 199100 ns, At safepoint: 12500 ns, Total: 211600 ns
[63.268s][info][gc       ] GC(108) Garbage Collection (Allocation Rate) 2792M(34%)->656M(8%)
[63.561s][info][safepoint] Safepoint "ZMarkStart", Time since last: 274632400 ns, Reaching safepoint: 18987900 ns, At safepoint: 68200 ns, Total: 19056100 ns
[63.846s][info][safepoint] Safepoint "ZMarkEnd", Time since last: 285072800 ns, Reaching safepoint: 214800 ns, At safepoint: 56800 ns, Total: 271600 ns
[63.850s][info][safepoint] Safepoint "ZRelocateStart", Time since last: 3480600 ns, Reaching safepoint: 206300 ns, At safepoint: 55000 ns, Total: 261300 ns
[63.851s][info][gc       ] GC(109) Garbage Collection (Allocation Rate) 2332M(29%)->1906M(23%)
[64.045s][info][safepoint] Safepoint "ZMarkStart", Time since last: 191875600 ns, Reaching safepoint: 2920300 ns, At safepoint: 82000 ns, Total: 3002300 ns
[64.109s][info][safepoint] Safepoint "ZMarkEnd", Time since last: 63987000 ns, Reaching safepoint: 234500 ns, At safepoint: 19500 ns, Total: 254000 ns
[64.114s][info][safepoint] Safepoint "ZRelocateStart", Time since last: 4544000 ns, Reaching safepoint: 127800 ns, At safepoint: 84500 ns, Total: 212300 ns
[64.115s][info][gc       ] GC(110) Garbage Collection (Allocation Rate) 2864M(35%)->552M(7%)
[64.642s][info][safepoint] Safepoint "ZMarkStart", Time since last: 527645200 ns, Reaching safepoint: 136000 ns, At safepoint: 17000 ns, Total: 153000 ns
[64.925s][info][safepoint] Safepoint "ZMarkEnd", Time since last: 283038500 ns, Reaching safepoint: 187200 ns, At safepoint: 83400 ns, Total: 270600 ns
[64.929s][info][safepoint] Safepoint "ZRelocateStart", Time since last: 3316100 ns, Reaching safepoint: 218800 ns, At safepoint: 14400 ns, Total: 233200 ns
[64.929s][info][gc       ] GC(111) Garbage Collection (Allocation Rate) 3682M(45%)->1764M(22%)
[65.345s][info][safepoint] Safepoint "ZMarkStart", Time since last: 413091000 ns, Reaching safepoint: 2917600 ns, At safepoint: 82300 ns, Total: 2999900 ns
[65.398s][info][safepoint] Safepoint "ZMarkEnd", Time since last: 53002400 ns, Reaching safepoint: 200800 ns, At safepoint: 54500 ns, Total: 255300 ns
[65.418s][info][safepoint] Safepoint "ZRelocateStart", Time since last: 19389900 ns, Reaching safepoint: 174800 ns, At safepoint: 68900 ns, Total: 243700 ns
[65.418s][info][gc       ] GC(112) Garbage Collection (Allocation Rate) 4542M(56%)->542M(7%)
[66.045s][info][safepoint] Safepoint "ZMarkStart", Time since last: 624064400 ns, Reaching safepoint: 3050200 ns, At safepoint: 61500 ns, Total: 3111700 ns
[66.131s][info][safepoint] Safepoint "ZMarkEnd", Time since last: 86092900 ns, Reaching safepoint: 209700 ns, At safepoint: 55300 ns, Total: 265000 ns
[66.135s][info][safepoint] Safepoint "ZRelocateStart", Time since last: 3310100 ns, Reaching safepoint: 130400 ns, At safepoint: 22400 ns, Total: 152800 ns
[66.136s][info][gc       ] GC(113) Garbage Collection (Allocation Rate) 4794M(59%)->772M(10%)
[66.842s][info][safepoint] Safepoint "ZMarkStart", Time since last: 707222200 ns, Reaching safepoint: 166300 ns, At safepoint: 60000 ns, Total: 226300 ns
[67.175s][info][safepoint] Safepoint "ZMarkEnd", Time since last: 332241500 ns, Reaching safepoint: 220000 ns, At safepoint: 91900 ns, Total: 311900 ns
[67.178s][info][safepoint] Safepoint "ZRelocateStart", Time since last: 3542600 ns, Reaching safepoint: 187900 ns, At safepoint: 62300 ns, Total: 250200 ns
[67.179s][info][gc       ] GC(114) Garbage Collection (Allocation Rate) 5342M(66%)->1920M(24%)
[67.341s][info][safepoint] Safepoint "ZMarkStart", Time since last: 162853700 ns, Reaching safepoint: 166900 ns, At safepoint: 55600 ns, Total: 222500 ns
[67.819s][info][safepoint] Safepoint "ZMarkEnd", Time since last: 476697500 ns, Reaching safepoint: 393500 ns, At safepoint: 63600 ns, Total: 457100 ns
[67.827s][info][safepoint] Safepoint "ZRelocateStart", Time since last: 8338000 ns, Reaching safepoint: 219900 ns, At safepoint: 15800 ns, Total: 235700 ns
[67.828s][info][gc       ] GC(115) Garbage Collection (Allocation Rate) 2674M(33%)->4150M(51%)
[67.846s][info][safepoint] Safepoint "ZMarkStart", Time since last: 12936800 ns, Reaching safepoint: 6016300 ns, At safepoint: 46200 ns, Total: 6062500 ns
[67.885s][info][safepoint] Safepoint "ZMarkEnd", Time since last: 38970000 ns, Reaching safepoint: 196400 ns, At safepoint: 19400 ns, Total: 215800 ns
[67.899s][info][safepoint] Safepoint "ZRelocateStart", Time since last: 13836200 ns, Reaching safepoint: 136600 ns, At safepoint: 14500 ns, Total: 151100 ns
[67.900s][info][gc       ] GC(116) Garbage Collection (Allocation Rate) 4184M(52%)->382M(5%)
[68.342s][info][safepoint] Safepoint "ZMarkStart", Time since last: 442270000 ns, Reaching safepoint: 163300 ns, At safepoint: 12800 ns, Total: 176100 ns
[68.431s][info][safepoint] Safepoint "ZMarkEnd", Time since last: 88747400 ns, Reaching safepoint: 165900 ns, At safepoint: 73700 ns, Total: 239600 ns
[68.434s][info][safepoint] Safepoint "ZRelocateStart", Time since last: 3045100 ns, Reaching safepoint: 138800 ns, At safepoint: 15000 ns, Total: 153800 ns
[68.435s][info][gc       ] GC(117) Garbage Collection (Allocation Rate) 3364M(41%)->772M(10%)
[69.142s][info][safepoint] Safepoint "ZMarkStart", Time since last: 707822700 ns, Reaching safepoint: 153600 ns, At safepoint: 50700 ns, Total: 204300 ns
[69.329s][info][safepoint] Safepoint "ZMarkEnd", Time since last: 186934200 ns, Reaching safepoint: 203000 ns, At safepoint: 84500 ns, Total: 287500 ns
[69.333s][info][safepoint] Safepoint "ZRelocateStart", Time since last: 3140600 ns, Reaching safepoint: 142200 ns, At safepoint: 11200 ns, Total: 153400 ns
[69.334s][info][gc       ] GC(118) Garbage Collection (Allocation Rate) 5266M(65%)->1468M(18%)
[69.859s][info][safepoint] Safepoint "ZMarkStart", Time since last: 509283900 ns, Reaching safepoint: 16944500 ns, At safepoint: 80100 ns, Total: 17024600 ns
[70.047s][info][safepoint] Safepoint "ZMarkEnd", Time since last: 184998200 ns, Reaching safepoint: 2915200 ns, At safepoint: 94400 ns, Total: 3009600 ns
[70.055s][info][safepoint] Safepoint "ZRelocateStart", Time since last: 3240800 ns, Reaching safepoint: 4687500 ns, At safepoint: 101200 ns, Total: 4788700 ns
[70.056s][info][gc       ] GC(119) Garbage Collection (Allocation Rate) 5068M(62%)->1328M(16%)
[70.444s][info][safepoint] Safepoint "ZMarkStart", Time since last: 386119600 ns, Reaching safepoint: 3034200 ns, At safepoint: 76900 ns, Total: 3111100 ns
[70.847s][info][safepoint] Safepoint "ZMarkEnd", Time since last: 402996900 ns, Reaching safepoint: 237400 ns, At safepoint: 62000 ns, Total: 299400 ns
[70.851s][info][safepoint] Safepoint "ZRelocateStart", Time since last: 3880900 ns, Reaching safepoint: 149100 ns, At safepoint: 14100 ns, Total: 163200 ns
[70.852s][info][gc       ] GC(120) Garbage Collection (Allocation Rate) 4044M(50%)->3496M(43%)
[70.984s][info][safepoint] Safepoint "ZMarkStart", Time since last: 89644400 ns, Reaching safepoint: 42932800 ns, At safepoint: 89400 ns, Total: 43022200 ns
[71.284s][info][safepoint] Safepoint "ZMarkEnd", Time since last: 299165500 ns, Reaching safepoint: 211800 ns, At safepoint: 20300 ns, Total: 232100 ns
[71.295s][info][safepoint] Safepoint "ZRelocateStart", Time since last: 11659700 ns, Reaching safepoint: 194000 ns, At safepoint: 16300 ns, Total: 210300 ns
[71.296s][info][gc       ] GC(121) Garbage Collection (Allocation Rate) 3878M(48%)->2832M(35%)
[71.471s][info][safepoint] Safepoint "ZMarkStart", Time since last: 145885300 ns, Reaching safepoint: 29958400 ns, At safepoint: 82000 ns, Total: 30040400 ns
[71.744s][info][safepoint] Safepoint "ZMarkEnd", Time since last: 272004400 ns, Reaching safepoint: 138200 ns, At safepoint: 68900 ns, Total: 207100 ns
[71.747s][info][safepoint] Safepoint "ZRelocateStart", Time since last: 3175100 ns, Reaching safepoint: 117600 ns, At safepoint: 61700 ns, Total: 179300 ns
[71.748s][info][gc       ] GC(122) Garbage Collection (Allocation Rate) 3878M(48%)->2558M(31%)
[72.042s][info][safepoint] Safepoint "ZMarkStart", Time since last: 294410500 ns, Reaching safepoint: 166600 ns, At safepoint: 53700 ns, Total: 220300 ns
[72.184s][info][safepoint] Safepoint "ZMarkEnd", Time since last: 141766800 ns, Reaching safepoint: 151600 ns, At safepoint: 70000 ns, Total: 221600 ns
[72.187s][info][safepoint] Safepoint "ZRelocateStart", Time since last: 3642000 ns, Reaching safepoint: 110800 ns, At safepoint: 62300 ns, Total: 173100 ns
[72.188s][info][gc       ] GC(123) Garbage Collection (Allocation Rate) 4652M(57%)->1150M(14%)
[72.841s][info][safepoint] Safepoint "ZMarkStart", Time since last: 653271800 ns, Reaching safepoint: 164700 ns, At safepoint: 67500 ns, Total: 232200 ns
[73.014s][info][safepoint] Safepoint "ZMarkEnd", Time since last: 137841700 ns, Reaching safepoint: 35023700 ns, At safepoint: 81200 ns, Total: 35104900 ns
[73.017s][info][safepoint] Safepoint "ZRelocateStart", Time since last: 3460400 ns, Reaching safepoint: 112100 ns, At safepoint: 66500 ns, Total: 178600 ns
[73.018s][info][gc       ] GC(124) Garbage Collection (Allocation Rate) 5010M(62%)->1186M(15%)
[73.442s][info][safepoint] Safepoint "ZMarkStart", Time since last: 424325300 ns, Reaching safepoint: 194900 ns, At safepoint: 73000 ns, Total: 267900 ns
[73.453s][info][safepoint] Safepoint "ZMarkEnd", Time since last: 10535700 ns, Reaching safepoint: 160900 ns, At safepoint: 80500 ns, Total: 241400 ns
[73.458s][info][safepoint] Safepoint "ZRelocateStart", Time since last: 4537300 ns, Reaching safepoint: 224000 ns, At safepoint: 53800 ns, Total: 277800 ns
[73.458s][info][gc       ] GC(125) Garbage Collection (Allocation Rate) 4308M(53%)->126M(2%)
[73.942s][info][safepoint] Safepoint "ZMarkStart", Time since last: 484199100 ns, Reaching safepoint: 167800 ns, At safepoint: 58600 ns, Total: 226400 ns
[74.069s][info][safepoint] Safepoint "ZMarkEnd", Time since last: 126808600 ns, Reaching safepoint: 158500 ns, At safepoint: 78100 ns, Total: 236600 ns
[74.072s][info][safepoint] Safepoint "ZRelocateStart", Time since last: 3230400 ns, Reaching safepoint: 149100 ns, At safepoint: 10100 ns, Total: 159200 ns
[74.073s][info][gc       ] GC(126) Garbage Collection (Allocation Rate) 3610M(44%)->896M(11%)
[74.553s][info][safepoint] Safepoint "ZMarkStart", Time since last: 469310500 ns, Reaching safepoint: 10965700 ns, At safepoint: 80700 ns, Total: 11046400 ns
[74.851s][info][safepoint] Safepoint "ZMarkEnd", Time since last: 297561500 ns, Reaching safepoint: 236300 ns, At safepoint: 78600 ns, Total: 314900 ns
[74.854s][info][safepoint] Safepoint "ZRelocateStart", Time since last: 3513800 ns, Reaching safepoint: 214600 ns, At safepoint: 15500 ns, Total: 230100 ns
[74.855s][info][gc       ] GC(127) Garbage Collection (Allocation Rate) 3694M(45%)->1902M(23%)
[75.141s][info][safepoint] Safepoint "ZMarkStart", Time since last: 286264700 ns, Reaching safepoint: 258100 ns, At safepoint: 81300 ns, Total: 339400 ns
[75.422s][info][safepoint] Safepoint "ZMarkEnd", Time since last: 280939800 ns, Reaching safepoint: 226400 ns, At safepoint: 96600 ns, Total: 323000 ns
[75.451s][info][safepoint] Safepoint "ZRelocateStart", Time since last: 28508600 ns, Reaching safepoint: 141200 ns, At safepoint: 59000 ns, Total: 200200 ns
[75.452s][info][gc       ] GC(128) Garbage Collection (Allocation Rate) 3592M(44%)->2148M(26%)
[75.841s][info][safepoint] Safepoint "ZMarkStart", Time since last: 390130800 ns, Reaching safepoint: 176600 ns, At safepoint: 72200 ns, Total: 248800 ns
[75.989s][info][safepoint] Safepoint "ZMarkEnd", Time since last: 146846500 ns, Reaching safepoint: 582600 ns, At safepoint: 82700 ns, Total: 665300 ns
[75.993s][info][safepoint] Safepoint "ZRelocateStart", Time since last: 3603500 ns, Reaching safepoint: 134300 ns, At safepoint: 16000 ns, Total: 150300 ns
[75.994s][info][gc       ] GC(129) Garbage Collection (Allocation Rate) 4570M(56%)->872M(11%)
[76.541s][info][safepoint] Safepoint "ZMarkStart", Time since last: 548556600 ns, Reaching safepoint: 162000 ns, At safepoint: 27600 ns, Total: 189600 ns
[77.005s][info][safepoint] Safepoint "ZMarkEnd", Time since last: 463181900 ns, Reaching safepoint: 250900 ns, At safepoint: 51200 ns, Total: 302100 ns
[77.010s][info][safepoint] Safepoint "ZRelocateStart", Time since last: 5189200 ns, Reaching safepoint: 119300 ns, At safepoint: 65600 ns, Total: 184900 ns
[77.011s][info][gc       ] GC(130) Garbage Collection (Allocation Rate) 4382M(54%)->3880M(48%)
[77.150s][info][safepoint] Safepoint "ZMarkStart", Time since last: 30168900 ns, Reaching safepoint: 109164500 ns, At safepoint: 61900 ns, Total: 109226400 ns
[77.414s][info][safepoint] Safepoint "ZMarkEnd", Time since last: 263775600 ns, Reaching safepoint: 197600 ns, At safepoint: 18500 ns, Total: 216100 ns
[77.417s][info][safepoint] Safepoint "ZRelocateStart", Time since last: 3074700 ns, Reaching safepoint: 125900 ns, At safepoint: 9700 ns, Total: 135600 ns
[77.417s][info][gc       ] GC(131) Garbage Collection (Allocation Rate) 3880M(48%)->2440M(30%)
[77.443s][info][safepoint] Safepoint "ZMarkStart", Time since last: 23537300 ns, Reaching safepoint: 2969400 ns, At safepoint: 69000 ns, Total: 3038400 ns
[77.466s][info][safepoint] Safepoint "ZMarkEnd", Time since last: 22042100 ns, Reaching safepoint: 195900 ns, At safepoint: 19600 ns, Total: 215500 ns
[77.477s][info][safepoint] Safepoint "ZRelocateStart", Time since last: 3192100 ns, Reaching safepoint: 8477100 ns, At safepoint: 68800 ns, Total: 8545900 ns
[77.478s][info][gc       ] GC(132) Garbage Collection (Allocation Rate) 2642M(33%)->246M(3%)
[77.855s][info][safepoint] Safepoint "ZMarkStart", Time since last: 364131500 ns, Reaching safepoint: 12983800 ns, At safepoint: 92700 ns, Total: 13076500 ns
[78.120s][info][safepoint] Safepoint "ZMarkEnd", Time since last: 265267700 ns, Reaching safepoint: 209500 ns, At safepoint: 117100 ns, Total: 326600 ns
[78.123s][info][safepoint] Safepoint "ZRelocateStart", Time since last: 2828000 ns, Reaching safepoint: 198400 ns, At safepoint: 73100 ns, Total: 271500 ns
[78.124s][info][gc       ] GC(133) Garbage Collection (Allocation Rate) 2838M(35%)->2444M(30%)
[78.141s][info][safepoint] Safepoint "ZMarkStart", Time since last: 17659300 ns, Reaching safepoint: 187400 ns, At safepoint: 104300 ns, Total: 291700 ns
[78.161s][info][safepoint] Safepoint "ZMarkEnd", Time since last: 19598000 ns, Reaching safepoint: 141400 ns, At safepoint: 26000 ns, Total: 167400 ns
[78.164s][info][safepoint] Safepoint "ZRelocateStart", Time since last: 2695600 ns, Reaching safepoint: 234800 ns, At safepoint: 54300 ns, Total: 289100 ns
[78.165s][info][gc       ] GC(134) Garbage Collection (Allocation Rate) 2602M(32%)->174M(2%)
[78.551s][info][safepoint] Safepoint "ZMarkStart", Time since last: 376161700 ns, Reaching safepoint: 11092300 ns, At safepoint: 66700 ns, Total: 11159000 ns
[78.819s][info][safepoint] Safepoint "ZMarkEnd", Time since last: 267824700 ns, Reaching safepoint: 199400 ns, At safepoint: 66200 ns, Total: 265600 ns
[78.823s][info][safepoint] Safepoint "ZRelocateStart", Time since last: 2666000 ns, Reaching safepoint: 577000 ns, At safepoint: 51000 ns, Total: 628000 ns
[78.823s][info][gc       ] GC(135) Garbage Collection (Allocation Rate) 2862M(35%)->2548M(31%)
[78.841s][info][safepoint] Safepoint "ZMarkStart", Time since last: 18350600 ns, Reaching safepoint: 115200 ns, At safepoint: 60800 ns, Total: 176000 ns
[78.886s][info][safepoint] Safepoint "ZMarkEnd", Time since last: 44910200 ns, Reaching safepoint: 209300 ns, At safepoint: 49900 ns, Total: 259200 ns
[78.889s][info][safepoint] Safepoint "ZRelocateStart", Time since last: 2639200 ns, Reaching safepoint: 174100 ns, At safepoint: 41100 ns, Total: 215200 ns
[78.890s][info][gc       ] GC(136) Garbage Collection (Allocation Rate) 2702M(33%)->286M(4%)
[79.472s][info][safepoint] Safepoint "ZMarkStart", Time since last: 551971600 ns, Reaching safepoint: 31039700 ns, At safepoint: 54000 ns, Total: 31093700 ns
[79.745s][info][safepoint] Safepoint "ZMarkEnd", Time since last: 271886800 ns, Reaching safepoint: 246600 ns, At safepoint: 70900 ns, Total: 317500 ns
[79.748s][info][safepoint] Safepoint "ZRelocateStart", Time since last: 2842300 ns, Reaching safepoint: 137200 ns, At safepoint: 62100 ns, Total: 199300 ns
[79.748s][info][gc       ] GC(137) Garbage Collection (Allocation Rate) 4318M(53%)->2450M(30%)
