[0.029s][info][gc] Using The Z Garbage Collector
[0.147s][info][safepoint] Safepoint "ICBufferFull", Time since last: 114020892 ns, Reaching safepoint: 104988 ns, At safepoint: 11106 ns, Total: 116094 ns
[0.438s][info][safepoint] Safepoint "ZMarkStart", Time since last: 290570364 ns, Reaching safepoint: 227479 ns, At safepoint: 32884 ns, Total: 260363 ns
[0.548s][info][safepoint] Safepoint "ZMarkEnd", Time since last: 109096938 ns, Reaching safepoint: 310576 ns, At safepoint: 31703 ns, Total: 342279 ns
[0.550s][info][safepoint] Safepoint "CleanClassLoaderDataMetaspaces", Time since last: 1734872 ns, Reaching safepoint: 182603 ns, At safepoint: 62420 ns, Total: 245023 ns
[0.552s][info][safepoint] Safepoint "ZRelocateStart", Time since last: 2389204 ns, Reaching safepoint: 183649 ns, At safepoint: 17959 ns, Total: 201608 ns
[0.560s][info][gc       ] GC(0) Garbage Collection (Warmup) 668M(11%)->726M(11%)
[0.838s][info][safepoint] Safepoint "ZMarkStart", Time since last: 285111201 ns, Reaching safepoint: 199283 ns, At safepoint: 19012 ns, Total: 218295 ns
[1.122s][info][safepoint] Safepoint "ZMarkEnd", Time since last: 283617409 ns, Reaching safepoint: 227936 ns, At safepoint: 47467 ns, Total: 275403 ns
[1.125s][info][safepoint] Safepoint "ZRelocateStart", Time since last: 3020160 ns, Reaching safepoint: 226722 ns, At safepoint: 31025 ns, Total: 257747 ns
[1.126s][info][gc       ] GC(1) Garbage Collection (Warmup) 1470M(23%)->1950M(31%)
[1.138s][info][safepoint] Safepoint "ZMarkStart", Time since last: 12810637 ns, Reaching safepoint: 208657 ns, At safepoint: 47070 ns, Total: 255727 ns
[1.527s][info][safepoint] Safepoint "ZMarkEnd", Time since last: 389210040 ns, Reaching safepoint: 245749 ns, At safepoint: 30465 ns, Total: 276214 ns
[1.531s][info][safepoint] Safepoint "ZRelocateStart", Time since last: 3010811 ns, Reaching safepoint: 182224 ns, At safepoint: 16155 ns, Total: 198379 ns
[1.533s][info][gc       ] GC(2) Garbage Collection (Warmup) 1952M(31%)->2152M(34%)
[2.238s][info][safepoint] Safepoint "ZMarkStart", Time since last: 707348377 ns, Reaching safepoint: 279492 ns, At safepoint: 31248 ns, Total: 310740 ns
[2.711s][info][safepoint] Safepoint "ZMarkEnd", Time since last: 472606908 ns, Reaching safepoint: 199591 ns, At safepoint: 33702 ns, Total: 233293 ns
[2.714s][info][safepoint] Safepoint "ZRelocateStart", Time since last: 3181910 ns, Reaching safepoint: 179513 ns, At safepoint: 18799 ns, Total: 198312 ns
[2.720s][info][gc       ] GC(3) Garbage Collection (Allocation Rate) 4022M(63%)->2156M(34%)
[3.138s][info][safepoint] Safepoint "ZMarkStart", Time since last: 423577451 ns, Reaching safepoint: 204503 ns, At safepoint: 36040 ns, Total: 240543 ns
[3.453s][info][safepoint] Safepoint "ZMarkEnd", Time since last: 314253837 ns, Reaching safepoint: 681236 ns, At safepoint: 38243 ns, Total: 719479 ns
[3.457s][info][safepoint] Safepoint "ZRelocateStart", Time since last: 2844483 ns, Reaching safepoint: 560779 ns, At safepoint: 21878 ns, Total: 582657 ns
[3.458s][info][gc       ] GC(4) Garbage Collection (Allocation Rate) 4126M(65%)->2180M(34%)
[3.750s][info][safepoint] Safepoint "ZMarkStart", Time since last: 281196654 ns, Reaching safepoint: 12595897 ns, At safepoint: 32754 ns, Total: 12628651 ns
[4.085s][info][safepoint] Safepoint "ZMarkEnd", Time since last: 334361411 ns, Reaching safepoint: 201741 ns, At safepoint: 32588 ns, Total: 234329 ns
[4.088s][info][safepoint] Safepoint "ZRelocateStart", Time since last: 2904323 ns, Reaching safepoint: 191551 ns, At safepoint: 35951 ns, Total: 227502 ns
[4.089s][info][gc       ] GC(5) Garbage Collection (Allocation Rate) 4002M(63%)->2336M(37%)
[4.238s][info][safepoint] Safepoint "ZMarkStart", Time since last: 149200081 ns, Reaching safepoint: 249500 ns, At safepoint: 20398 ns, Total: 269898 ns
[4.463s][info][safepoint] Safepoint "ZMarkEnd", Time since last: 224965241 ns, Reaching safepoint: 374546 ns, At safepoint: 40859 ns, Total: 415405 ns
[4.467s][info][safepoint] Safepoint "ZRelocateStart", Time since last: 3677450 ns, Reaching safepoint: 201607 ns, At safepoint: 19479 ns, Total: 221086 ns
[4.469s][info][gc       ] GC(6) Garbage Collection (Allocation Rate) 3468M(55%)->2022M(32%)
[4.738s][info][safepoint] Safepoint "ZMarkStart", Time since last: 271070332 ns, Reaching safepoint: 219060 ns, At safepoint: 33578 ns, Total: 252638 ns
[4.915s][info][safepoint] Safepoint "ZMarkEnd", Time since last: 176406438 ns, Reaching safepoint: 512796 ns, At safepoint: 47693 ns, Total: 560489 ns
[4.918s][info][safepoint] Safepoint "ZRelocateStart", Time since last: 2316762 ns, Reaching safepoint: 243132 ns, At safepoint: 18070 ns, Total: 261202 ns
[4.919s][info][gc       ] GC(7) Garbage Collection (Allocation Rate) 3242M(51%)->1862M(29%)
[5.438s][info][safepoint] Safepoint "ZMarkStart", Time since last: 520160594 ns, Reaching safepoint: 433144 ns, At safepoint: 45765 ns, Total: 478909 ns
[5.778s][info][safepoint] Safepoint "ZMarkEnd", Time since last: 339075892 ns, Reaching safepoint: 198308 ns, At safepoint: 46472 ns, Total: 244780 ns
[5.780s][info][safepoint] Safepoint "ZRelocateStart", Time since last: 2298313 ns, Reaching safepoint: 200143 ns, At safepoint: 25514 ns, Total: 225657 ns
[5.781s][info][gc       ] GC(8) Garbage Collection (Allocation Rate) 4126M(65%)->2048M(32%)
[5.938s][info][safepoint] Safepoint "ZMarkStart", Time since last: 157205534 ns, Reaching safepoint: 218920 ns, At safepoint: 21347 ns, Total: 240267 ns
[6.037s][info][safepoint] Safepoint "ZMarkEnd", Time since last: 99095846 ns, Reaching safepoint: 241411 ns, At safepoint: 26079 ns, Total: 267490 ns
[6.040s][info][safepoint] Safepoint "ZRelocateStart", Time since last: 3034060 ns, Reaching safepoint: 261792 ns, At safepoint: 29558 ns, Total: 291350 ns
[6.042s][info][gc       ] GC(9) Garbage Collection (Allocation Rate) 2672M(42%)->872M(14%)
[6.438s][info][safepoint] Safepoint "ZMarkStart", Time since last: 397584718 ns, Reaching safepoint: 301175 ns, At safepoint: 51621 ns, Total: 352796 ns
[6.493s][info][safepoint] Safepoint "ZMarkEnd", Time since last: 54236228 ns, Reaching safepoint: 198530 ns, At safepoint: 24516 ns, Total: 223046 ns
[6.496s][info][safepoint] Safepoint "ZRelocateStart", Time since last: 2987474 ns, Reaching safepoint: 183123 ns, At safepoint: 17503 ns, Total: 200626 ns
[6.497s][info][gc       ] GC(10) Garbage Collection (Allocation Rate) 2476M(39%)->514M(8%)
[6.938s][info][safepoint] Safepoint "ZMarkStart", Time since last: 441546681 ns, Reaching safepoint: 222221 ns, At safepoint: 25956 ns, Total: 248177 ns
[7.058s][info][safepoint] Safepoint "ZMarkEnd", Time since last: 120042038 ns, Reaching safepoint: 205967 ns, At safepoint: 36646 ns, Total: 242613 ns
[7.061s][info][safepoint] Safepoint "ZRelocateStart", Time since last: 2486969 ns, Reaching safepoint: 193503 ns, At safepoint: 16502 ns, Total: 210005 ns
[7.062s][info][gc       ] GC(11) Garbage Collection (Allocation Rate) 2834M(45%)->1168M(18%)
[7.438s][info][safepoint] Safepoint "ZMarkStart", Time since last: 376595615 ns, Reaching safepoint: 248920 ns, At safepoint: 18865 ns, Total: 267785 ns
[7.568s][info][safepoint] Safepoint "ZMarkEnd", Time since last: 129707395 ns, Reaching safepoint: 233765 ns, At safepoint: 36036 ns, Total: 269801 ns
[7.571s][info][safepoint] Safepoint "ZRelocateStart", Time since last: 3206786 ns, Reaching safepoint: 203916 ns, At safepoint: 19966 ns, Total: 223882 ns
[7.573s][info][gc       ] GC(12) Garbage Collection (Allocation Rate) 2654M(42%)->1132M(18%)
[8.238s][info][safepoint] Safepoint "ZMarkStart", Time since last: 667075552 ns, Reaching safepoint: 213769 ns, At safepoint: 29691 ns, Total: 243460 ns
[8.891s][info][safepoint] Safepoint "ZMarkEnd", Time since last: 652387446 ns, Reaching safepoint: 201354 ns, At safepoint: 47390 ns, Total: 248744 ns
[8.894s][info][safepoint] Safepoint "ZRelocateStart", Time since last: 3240534 ns, Reaching safepoint: 190544 ns, At safepoint: 29525 ns, Total: 220069 ns
[8.896s][info][gc       ] GC(13) Garbage Collection (Allocation Rate) 4288M(67%)->3010M(47%)
[8.970s][info][safepoint] Safepoint "ZMarkStart", Time since last: 43553643 ns, Reaching safepoint: 32244575 ns, At safepoint: 32535 ns, Total: 32277110 ns
[9.195s][info][safepoint] Safepoint "ZMarkEnd", Time since last: 224699695 ns, Reaching safepoint: 191346 ns, At safepoint: 23666 ns, Total: 215012 ns
[9.199s][info][safepoint] Safepoint "ZRelocateStart", Time since last: 3132380 ns, Reaching safepoint: 254091 ns, At safepoint: 21391 ns, Total: 275482 ns
[9.200s][info][gc       ] GC(14) Garbage Collection (Allocation Rate) 3356M(53%)->1946M(31%)
[9.638s][info][safepoint] Safepoint "ZMarkStart", Time since last: 439074487 ns, Reaching safepoint: 220862 ns, At safepoint: 35157 ns, Total: 256019 ns
[9.897s][info][safepoint] Safepoint "ZMarkEnd", Time since last: 258644702 ns, Reaching safepoint: 250858 ns, At safepoint: 36730 ns, Total: 287588 ns
[9.900s][info][safepoint] Safepoint "ZRelocateStart", Time since last: 2595661 ns, Reaching safepoint: 163030 ns, At safepoint: 26735 ns, Total: 189765 ns
[9.900s][info][gc       ] GC(15) Garbage Collection (Allocation Rate) 3238M(51%)->2030M(32%)
[10.338s][info][safepoint] Safepoint "ZMarkStart", Time since last: 437924287 ns, Reaching safepoint: 260116 ns, At safepoint: 20789 ns, Total: 280905 ns
[10.644s][info][safepoint] Safepoint "ZMarkEnd", Time since last: 305892360 ns, Reaching safepoint: 212067 ns, At safepoint: 61282 ns, Total: 273349 ns
[10.647s][info][safepoint] Safepoint "ZRelocateStart", Time since last: 2801362 ns, Reaching safepoint: 211983 ns, At safepoint: 14304 ns, Total: 226287 ns
[10.648s][info][gc       ] GC(16) Garbage Collection (Allocation Rate) 3818M(60%)->2074M(33%)
